Variant drivers:
BCM56990_A0_BASE, BCM56990_B0_BASE
Ingress port: 206
Egress port1: 35
Egress port2: 154
ingress_port_multi_setup port: 206 setup
egress_port_multi_setup port: 35 setup
egress_port_multi_setup port: 154 setup
[New Thread 0x7ffff7f9e700 (LWP 50500)]
Completed test setup successfully.
Verify UC pkt from 206 forwarding to port 35
Packet from data=<>, length=64
pktioRxCallback: rx_count = 0x1
[bcmPWN.0]
[bcmPWN.0]Packet[1]: data[0000]: {000000000011} {000000000002} 8100 0001
[bcmPWN.0]Packet[1]: data[0010]: 0806 0001 0800 0604 0001 0000 0000 0002
[bcmPWN.0]Packet[1]: data[0020]: 0a0a 0a02 0000 0000 0000 1414 1402 0001
[bcmPWN.0]Packet[1]: data[0030]: 0203 0405 0607 0809 0a0b 0c0d bc94 977f
[bcmPWN.0]
[bcmPWN.0]Packet[1]:
Packet[1]:   Ethernet: dst<00:00:00:00:00:11> src<00:00:00:00:00:02> Tagged Packet ProtID<0x8100> Ctrl<0x0001> ARP (IP and CHAOS)
Packet[1]:   ARP: Invalid (0) fmt<1> src-ha<00:00:00:00:00:02> src_pa<10:10:10:2> tar_ha<00:00:00:00:00:00> tar_pa<20:20:20:2>
Verify UC pkt from 206 forwarding to port 154
Packet from data=<>, length=64
pktioRxCallback: rx_count = 0x2
[bcmPWN.0]
[bcmPWN.0]Packet[2]: data[0000]: {000000000022} {000000000002} 8100 0001
[bcmPWN.0]Packet[2]: data[0010]: 0806 0001 0800 0604 0001 0000 0000 0002
[bcmPWN.0]Packet[2]: data[0020]: 0a0a 0a02 0000 0000 0000 1414 1402 0001
[bcmPWN.0]Packet[2]: data[0030]: 0203 0405 0607 0809 0a0b 0c0d bc94 977f
[bcmPWN.0]
[bcmPWN.0]Packet[2]:
Packet[2]:   Ethernet: dst<00:00:00:00:00:22> src<00:00:00:00:00:02> Tagged Packet ProtID<0x8100> Ctrl<0x0001> ARP (IP and CHAOS)
Packet[2]:   ARP: Invalid (0) fmt<1> src-ha<00:00:00:00:00:02> src_pa<10:10:10:2> tar_ha<00:00:00:00:00:00> tar_pa<20:20:20:2>

-------------------------------------
    RESULT OF PACKET VERIFICATION
-------------------------------------
Test = [PASS]
-------------------------------------
ingress_port_multi_cleanup port: 206 cleanup
egress_port_multi_cleanup port: 35 cleanup
egress_port_multi_cleanup port: 154 cleanup
[Thread 0x7ffff7f9e700 (LWP 50500) exited]
bcm_error_t $$ = BCM_E_NONE (0)

