Variant drivers:
BCM56990_A0_BASE, BCM56990_B0_BASE
Ingress port : 103
Egress port1: 137
Egress port2: 153
Packet from data=<>, length=64
Learned L2: vlan=2 mac=00:00:00:00:00:22, mod=0x0, port=0x89
ingress_port_multi_setup port: 103 setup
egress_port_multi_setup port: 137 setup
egress_port_multi_setup port: 153 setup
[New Thread 0x7ffff7f9e700 (LWP 131400)]
Completed test setup successfully.
Verify UC pkt from port 103 forwarding to port 137
Packet from data=<>, length=64
pktioRxCallback: received from port 0x89
pktioRxCallback: rx_count = 0x1
[bcmPWN.0]
[bcmPWN.0]Packet[1]: data[0000]: {000000000022} {000000000011} 8100 0002
[bcmPWN.0]Packet[1]: data[0010]: 0806 0001 0800 0604 0001 0000 0000 0002
[bcmPWN.0]Packet[1]: data[0020]: 0a0a 0a02 0000 0000 0000 1414 1402 0001
[bcmPWN.0]Packet[1]: data[0030]: 0203 0405 0607 0809 0a0b 0c0d bc94 977f
[bcmPWN.0]
[bcmPWN.0]Packet[1]:
Packet[1]:   Ethernet: dst<00:00:00:00:00:22> src<00:00:00:00:00:11> Tagged Packet ProtID<0x8100> Ctrl<0x0002> ARP (IP and CHAOS)
Packet[1]:   ARP: Invalid (0) fmt<1> src-ha<00:00:00:00:00:02> src_pa<10:10:10:2> tar_ha<00:00:00:00:00:00> tar_pa<20:20:20:2>

-------------------------------------
    RESULT OF PACKET VERIFICATION
-------------------------------------
Test = [PASS]
-------------------------------------
ingress_port_multi_cleanup port: 103 cleanup
egress_port_multi_cleanup port: 137 cleanup
egress_port_multi_cleanup port: 153 cleanup
[Thread 0x7ffff7f9e700 (LWP 131400) exited]
Completed test verify successfully.
bcm_error_t $$ = BCM_E_NONE (0)
