Variant drivers:
BCM56990_A0_BASE, BCM56990_B0_BASE
Ingress port : 53
Egress port1: 37
Egress port2: 122
ingress_port_multi_setup port: 53 setup
egress_port_multi_setup port: 37 setup
egress_port_multi_setup port: 122 setup
[New Thread 0x7ffff7f9e700 (LWP 61636)]
Completed test setup successfully.
Verify known-src unicast pkt from port 53 forwarding to port 37
Packet from data=<>, length=64
pktioRxCallback: received from port 0x25
pktioRxCallback: rx_count = 0x1
[bcmPWN.0]
[bcmPWN.0]Packet[1]: data[0000]: {000000000022} {000000000011} 8100 0002
[bcmPWN.0]Packet[1]: data[0010]: 0806 0001 0800 0604 0001 0000 0000 0002
[bcmPWN.0]Packet[1]: data[0020]: 0a0a 0a02 0000 0000 0000 1414 1402 0001
[bcmPWN.0]Packet[1]: data[0030]: 0203 0405 0607 0809 0a0b 0c0d bc94 977f
[bcmPWN.0]
[bcmPWN.0]Packet[1]:
Packet[1]:   Ethernet: dst<00:00:00:00:00:22> src<00:00:00:00:00:11> Tagged Packet ProtID<0x8100> Ctrl<0x0002> ARP (IP and CHAOS)
Packet[1]:   ARP: Invalid (0) fmt<1> src-ha<00:00:00:00:00:02> src_pa<10:10:10:2> tar_ha<00:00:00:00:00:00> tar_pa<20:20:20:2>

-----------------------------------------------------------
    RESULT OF KNOWN-SRC UNICAST PACKET VERIFICATION
-----------------------------------------------------------
Test = [PASS]
-------------------------------------
Verify known-src pkt from port 53 forwarding to port 122
Packet from data=<>, length=64
pktioRxCallback: received from port 0x7a
pktioRxCallback: rx_count = 0x1
[bcmPWN.0]
[bcmPWN.0]Packet[2]: data[0000]: {000000000033} {000000000011} 8100 0002
[bcmPWN.0]Packet[2]: data[0010]: 0806 0001 0800 0604 0001 0000 0000 0002
[bcmPWN.0]Packet[2]: data[0020]: 0a0a 0a02 0000 0000 0000 1414 1402 0001
[bcmPWN.0]Packet[2]: data[0030]: 0203 0405 0607 0809 0a0b 0c0d bc94 977f
[bcmPWN.0]
[bcmPWN.0]Packet[2]:
Packet[2]:   Ethernet: dst<00:00:00:00:00:33> src<00:00:00:00:00:11> Tagged Packet ProtID<0x8100> Ctrl<0x0002> ARP (IP and CHAOS)
Packet[2]:   ARP: Invalid (0) fmt<1> src-ha<00:00:00:00:00:02> src_pa<10:10:10:2> tar_ha<00:00:00:00:00:00> tar_pa<20:20:20:2>

-----------------------------------------------------------
    RESULT OF KNOWN-SRC UNICAST PACKET VERIFICATION
-----------------------------------------------------------
Test = [PASS]
-------------------------------------
Verify unknown-src pkt from port 53 forwarding to port 37
Packet from data=<>, length=64
pktioRxCallback: received from port 0x25
pktioRxCallback: rx_count = 0x1
[bcmPWN.0]
[bcmPWN.0]Packet[3]: data[0000]: {000000000022} {000000000044} 8100 0002
[bcmPWN.0]Packet[3]: data[0010]: 0806 0001 0800 0604 0001 0000 0000 0002
[bcmPWN.0]Packet[3]: data[0020]: 0a0a 0a02 0000 0000 0000 1414 1402 0001
[bcmPWN.0]Packet[3]: data[0030]: 0203 0405 0607 0809 0a0b 0c0d bc94 977f
[bcmPWN.0]
[bcmPWN.0]Packet[3]:
Packet[3]:   Ethernet: dst<00:00:00:00:00:22> src<00:00:00:00:00:44> Tagged Packet ProtID<0x8100> Ctrl<0x0002> ARP (IP and CHAOS)
Packet[3]:   ARP: Invalid (0) fmt<1> src-ha<00:00:00:00:00:02> src_pa<10:10:10:2> tar_ha<00:00:00:00:00:00> tar_pa<20:20:20:2>

---------------------------------------------------------------------------------
    RESULT OF UNKNOWN_SRC UNICAST PACKET VERIFICATION BEFORE SETTING UNKNOWN-DROP
---------------------------------------------------------------------------------
Test = [PASS]
-------------------------------------
Verify unknown-src pkt from port 53 forwarding to port 37 after setting unknown-drop
Packet from data=<>, length=64

---------------------------------------------------------------------------------
    RESULT OF UNKNOWN_SRC UNICAST PACKET VERIFICATION AFTER SETTING UNKNOWN-DROP
---------------------------------------------------------------------------------
Test = [PASS]
-------------------------------------
ingress_port_multi_cleanup port: 53 cleanup
egress_port_multi_cleanup port: 37 cleanup
egress_port_multi_cleanup port: 122 cleanup
[Thread 0x7ffff7f9e700 (LWP 61636) exited]
Completed test verify successfully.
bcm_error_t $$ = BCM_E_NONE (0)
