BCM.0> cint packet_timestamping_per_flow.c
int ing_port1 = 1 (0x1)  
int ing_port2 = 2 (0x2)  
int egr_port = 3 (0x3)   
Doing create vlan and port add...             
Doing L2 address add...  
Doing port loopback for 2...                  
Doing timesync related settings...            
Doing port control PacketTimeStampInsertRx... 
Doing port control PacketTimeStampRxId...     
Doing port control PacketTimeStampInsertTx... 
Doing port control TimeStampTxId...           



############ 0 ###########


tx 1 pbm=1 data=0000000000DD0000000000CC8100006408004500002E0000000040063E8C0A0A0AAA0B0B0BBB000102030405060708090a0b0c0d0e0f101112131415161718191a1b1c1d1f202122232425262728292a2b2c2d2e2f30

Packet from data=<>, length=90
[bcmPW.0]                     
[bcmPW.0]Packet[1]: data[0000]: {0000000000dd} {0000000000cc} 8100 0064
[bcmPW.0]Packet[1]: data[0010]: 0800 4500 002e 0000 0000 4006 3e8c 0a0a 
[bcmPW.0]Packet[1]: data[0020]: 0aaa 0b0b 0bbb 0001 0203 0405 0607 0809 
[bcmPW.0]Packet[1]: data[0030]: 0a0b 0c0d 0e0f 1011 1213 1415 1617 1819 
[bcmPW.0]Packet[1]: data[0040]: 1a1b 1c1d 1f20 2122 2324 2526 2728 292a 
[bcmPW.0]Packet[1]: data[0050]: 2b2c 2d2e 2f30 f5e9 81a4 0000 c5a5 f290 
[bcmPW.0]Packet[1]: data[0060]: 0000 0154 0000 0000                     
[bcmPW.0]Packet[1]: length 104 (104). rx-port 1. cos 0. prio_int 0. vlan 100. reason 0x400. Outer tagged.
[bcmPW.0]Packet[1]: dest-port 3. dest-mod 0. src-port 1. src-mod 0. opcode 1.  matched 222. classification-tag 0.
[bcmPW.0]Packet[1]: reasons: FilterMatch           
[bcmPW.0]Packet[1]: 
Packet[1]:   Ethernet: dst<00:00:00:00:00:dd> src<00:00:00:00:00:cc> Tagged Packet ProtID<0x8100> Ctrl<0x0064> Internet Protocol (IP)
Packet[1]:   IP: V(4) src<10.10.10.170> dst<11.11.11.187> hl<5> service-type<0> tl<46> id<0> frg-off<0> ttl<64> > chk-sum<0x3e8c>    
Packet[1]:   TCP: sPort<1> dPort<515> Seq<67438087> Ack<134810123> Off<0> Flags<0x0d=FIN,RST,PUSH> Csum<0x1011> Urp<0x1213>          
[bcmPW.0]
[bcmPW.0]Packet[2]: data[0000]: {0000000000dd} {0000000000cc} 8100 0064
[bcmPW.0]Packet[2]: data[0010]: 0800 4500 002e 0000 0000 4006 3e8c 0a0a
[bcmPW.0]Packet[2]: data[0020]: 0aaa 0b0b 0bbb 0001 0203 0405 0607 0809
[bcmPW.0]Packet[2]: data[0030]: 0a0b 0c0d 0e0f 1011 1213 1415 1617 1819
[bcmPW.0]Packet[2]: data[0040]: 1a1b 1c1d 1f20 2122 2324 2526 2728 292a
[bcmPW.0]Packet[2]: data[0050]: 2b2c 2d2e 2f30 f5e9 81a4 0000 c5a5 f290
[bcmPW.0]Packet[2]: data[0060]: 0000 0154 0000 0000 0000 c5a5 f55c 4000
[bcmPW.0]Packet[2]: data[0070]: 0177 64d1 26f8                         
[bcmPW.0]Packet[2]: length 118 (118). rx-port 3. cos 0. prio_int 0. vlan 100. reason 0x400. Outer tagged.                            
[bcmPW.0]Packet[2]: dest-port 0. dest-mod 0. src-port 3. src-mod 0. opcode 0.  matched 223. classification-tag 0.                    
[bcmPW.0]Packet[2]: reasons: FilterMatch
[bcmPW.0]Packet[2]:
Packet[2]:   Ethernet: dst<00:00:00:00:00:dd> src<00:00:00:00:00:cc> Tagged Packet ProtID<0x8100> Ctrl<0x0064> Internet Protocol (IP)
Packet[2]:   IP: V(4) src<10.10.10.170> dst<11.11.11.187> hl<5> service-type<0> tl<46> id<0> frg-off<0> ttl<64> > chk-sum<0x3e8c>    
Packet[2]:   TCP: sPort<1> dPort<515> Seq<67438087> Ack<134810123> Off<0> Flags<0x0d=FIN,RST,PUSH> Csum<0x1011> Urp<0x1213>          



############ 1 ###########


tx 1 pbm=1 data=0000000000DD0000000000CC8100006408004500002E0000000040063E8C0A0A0AAA0B0B0BBB000102030405060708090a0b0c0d0e0f101112131415161718191a1b1c1d1f202122232425262728292a2b2c2d2e2f30

Packet from data=<>, length=90
[bcmPW.0]                     
[bcmPW.0]Packet[3]: data[0000]: {0000000000dd} {0000000000cc} 8100 0064
[bcmPW.0]Packet[3]: data[0010]: 0800 4500 002e 0000 0000 4006 3e8c 0a0a 
[bcmPW.0]Packet[3]: data[0020]: 0aaa 0b0b 0bbb 0001 0203 0405 0607 0809 
[bcmPW.0]Packet[3]: data[0030]: 0a0b 0c0d 0e0f 1011 1213 1415 1617 1819 
[bcmPW.0]Packet[3]: data[0040]: 1a1b 1c1d 1f20 2122 2324 2526 2728 292a 
[bcmPW.0]Packet[3]: data[0050]: 2b2c 2d2e 2f30 f5e9 81a4 0001 4605 1a8f 
[bcmPW.0]Packet[3]: data[0060]: 0000 0154 0000 0000                     
[bcmPW.0]Packet[3]: length 104 (104). rx-port 1. cos 0. prio_int 0. vlan 100. reason 0x400. Outer tagged.
[bcmPW.0]Packet[3]: dest-port 3. dest-mod 0. src-port 1. src-mod 0. opcode 1.  matched 222. classification-tag 0.
[bcmPW.0]Packet[3]: reasons: FilterMatch           
[bcmPW.0]Packet[3]: 
Packet[3]:   Ethernet: dst<00:00:00:00:00:dd> src<00:00:00:00:00:cc> Tagged Packet ProtID<0x8100> Ctrl<0x0064> Internet Protocol (IP)
Packet[3]:   IP: V(4) src<10.10.10.170> dst<11.11.11.187> hl<5> service-type<0> tl<46> id<0> frg-off<0> ttl<64> > chk-sum<0x3e8c>    
Packet[3]:   TCP: sPort<1> dPort<515> Seq<67438087> Ack<134810123> Off<0> Flags<0x0d=FIN,RST,PUSH> Csum<0x1011> Urp<0x1213>          
[bcmPW.0]
[bcmPW.0]Packet[4]: data[0000]: {0000000000dd} {0000000000cc} 8100 0064
[bcmPW.0]Packet[4]: data[0010]: 0800 4500 002e 0000 0000 4006 3e8c 0a0a
[bcmPW.0]Packet[4]: data[0020]: 0aaa 0b0b 0bbb 0001 0203 0405 0607 0809
[bcmPW.0]Packet[4]: data[0030]: 0a0b 0c0d 0e0f 1011 1213 1415 1617 1819
[bcmPW.0]Packet[4]: data[0040]: 1a1b 1c1d 1f20 2122 2324 2526 2728 292a
[bcmPW.0]Packet[4]: data[0050]: 2b2c 2d2e 2f30 f5e9 81a4 0001 4605 1a8f
[bcmPW.0]Packet[4]: data[0060]: 0000 0154 0000 0000 0001 4605 1d5c 4000
[bcmPW.0]Packet[4]: data[0070]: 0177 f878 3b4e                         
[bcmPW.0]Packet[4]: length 118 (118). rx-port 3. cos 0. prio_int 0. vlan 100. reason 0x400. Outer tagged.                            
[bcmPW.0]Packet[4]: dest-port 0. dest-mod 0. src-port 3. src-mod 0. opcode 0.  matched 223. classification-tag 0.                    
[bcmPW.0]Packet[4]: reasons: FilterMatch
[bcmPW.0]Packet[4]:
Packet[4]:   Ethernet: dst<00:00:00:00:00:dd> src<00:00:00:00:00:cc> Tagged Packet ProtID<0x8100> Ctrl<0x0064> Internet Protocol (IP)
Packet[4]:   IP: V(4) src<10.10.10.170> dst<11.11.11.187> hl<5> service-type<0> tl<46> id<0> frg-off<0> ttl<64> > chk-sum<0x3e8c>    
Packet[4]:   TCP: sPort<1> dPort<515> Seq<67438087> Ack<134810123> Off<0> Flags<0x0d=FIN,RST,PUSH> Csum<0x1011> Urp<0x1213>          



############ 2 ###########


tx 1 pbm=1 data=0000000000DD0000000000CC8100006408004500002E0000000040063E8C0A0A0AAA0B0B0BBB000102030405060708090a0b0c0d0e0f101112131415161718191a1b1c1d1f202122232425262728292a2b2c2d2e2f30

Packet from data=<>, length=90
[bcmPW.0]                     
[bcmPW.0]Packet[5]: data[0000]: {0000000000dd} {0000000000cc} 8100 0064
[bcmPW.0]Packet[5]: data[0010]: 0800 4500 002e 0000 0000 4006 3e8c 0a0a 
[bcmPW.0]Packet[5]: data[0020]: 0aaa 0b0b 0bbb 0001 0203 0405 0607 0809 
[bcmPW.0]Packet[5]: data[0030]: 0a0b 0c0d 0e0f 1011 1213 1415 1617 1819 
[bcmPW.0]Packet[5]: data[0040]: 1a1b 1c1d 1f20 2122 2324 2526 2728 292a 
[bcmPW.0]Packet[5]: data[0050]: 2b2c 2d2e 2f30 f5e9 81a4 0001 c65f a3ce 
[bcmPW.0]Packet[5]: data[0060]: 0000 0154 0000 0000                     
[bcmPW.0]Packet[5]: length 104 (104). rx-port 1. cos 0. prio_int 0. vlan 100. reason 0x400. Outer tagged.
[bcmPW.0]Packet[5]: dest-port 3. dest-mod 0. src-port 1. src-mod 0. opcode 1.  matched 222. classification-tag 0.
[bcmPW.0]Packet[5]: reasons: FilterMatch           
[bcmPW.0]Packet[5]: 
Packet[5]:   Ethernet: dst<00:00:00:00:00:dd> src<00:00:00:00:00:cc> Tagged Packet ProtID<0x8100> Ctrl<0x0064> Internet Protocol (IP)
Packet[5]:   IP: V(4) src<10.10.10.170> dst<11.11.11.187> hl<5> service-type<0> tl<46> id<0> frg-off<0> ttl<64> > chk-sum<0x3e8c>    
Packet[5]:   TCP: sPort<1> dPort<515> Seq<67438087> Ack<134810123> Off<0> Flags<0x0d=FIN,RST,PUSH> Csum<0x1011> Urp<0x1213>          
[bcmPW.0]
[bcmPW.0]Packet[6]: data[0000]: {0000000000dd} {0000000000cc} 8100 0064
[bcmPW.0]Packet[6]: data[0010]: 0800 4500 002e 0000 0000 4006 3e8c 0a0a
[bcmPW.0]Packet[6]: data[0020]: 0aaa 0b0b 0bbb 0001 0203 0405 0607 0809
[bcmPW.0]Packet[6]: data[0030]: 0a0b 0c0d 0e0f 1011 1213 1415 1617 1819
[bcmPW.0]Packet[6]: data[0040]: 1a1b 1c1d 1f20 2122 2324 2526 2728 292a
[bcmPW.0]Packet[6]: data[0050]: 2b2c 2d2e 2f30 f5e9 81a4 0001 c65f a3ce
[bcmPW.0]Packet[6]: data[0060]: 0000 0154 0000 0000 0001 c65f a69c 4000
[bcmPW.0]Packet[6]: data[0070]: 0177 e96c fec1                         
[bcmPW.0]Packet[6]: length 118 (118). rx-port 3. cos 0. prio_int 0. vlan 100. reason 0x400. Outer tagged.                            
[bcmPW.0]Packet[6]: dest-port 0. dest-mod 0. src-port 3. src-mod 0. opcode 0.  matched 223. classification-tag 0.                    
[bcmPW.0]Packet[6]: reasons: FilterMatch
[bcmPW.0]Packet[6]:
Packet[6]:   Ethernet: dst<00:00:00:00:00:dd> src<00:00:00:00:00:cc> Tagged Packet ProtID<0x8100> Ctrl<0x0064> Internet Protocol (IP)
Packet[6]:   IP: V(4) src<10.10.10.170> dst<11.11.11.187> hl<5> service-type<0> tl<46> id<0> frg-off<0> ttl<64> > chk-sum<0x3e8c>    
Packet[6]:   TCP: sPort<1> dPort<515> Seq<67438087> Ack<134810123> Off<0> Flags<0x0d=FIN,RST,PUSH> Csum<0x1011> Urp<0x1213>          



############ 3 ###########


tx 1 pbm=1 data=0000000000DD0000000000CC8100006408004500002E0000000040063E8C0A0A0AAA0B0B0BBB000102030405060708090a0b0c0d0e0f101112131415161718191a1b1c1d1f202122232425262728292a2b2c2d2e2f30

Packet from data=<>, length=90
[bcmPW.0]                     
[bcmPW.0]Packet[7]: data[0000]: {0000000000dd} {0000000000cc} 8100 0064
[bcmPW.0]Packet[7]: data[0010]: 0800 4500 002e 0000 0000 4006 3e8c 0a0a 
[bcmPW.0]Packet[7]: data[0020]: 0aaa 0b0b 0bbb 0001 0203 0405 0607 0809 
[bcmPW.0]Packet[7]: data[0030]: 0a0b 0c0d 0e0f 1011 1213 1415 1617 1819 
[bcmPW.0]Packet[7]: data[0040]: 1a1b 1c1d 1f20 2122 2324 2526 2728 292a 
[bcmPW.0]Packet[7]: data[0050]: 2b2c 2d2e 2f30 f5e9 81a4 0002 46b9 7845 
[bcmPW.0]Packet[7]: data[0060]: 0000 0154 0000 0000                     
[bcmPW.0]Packet[7]: length 104 (104). rx-port 1. cos 0. prio_int 0. vlan 100. reason 0x400. Outer tagged.
[bcmPW.0]Packet[7]: dest-port 3. dest-mod 0. src-port 1. src-mod 0. opcode 1.  matched 222. classification-tag 0.
[bcmPW.0]Packet[7]: reasons: FilterMatch           
[bcmPW.0]Packet[7]: 
Packet[7]:   Ethernet: dst<00:00:00:00:00:dd> src<00:00:00:00:00:cc> Tagged Packet ProtID<0x8100> Ctrl<0x0064> Internet Protocol (IP)
Packet[7]:   IP: V(4) src<10.10.10.170> dst<11.11.11.187> hl<5> service-type<0> tl<46> id<0> frg-off<0> ttl<64> > chk-sum<0x3e8c>    
Packet[7]:   TCP: sPort<1> dPort<515> Seq<67438087> Ack<134810123> Off<0> Flags<0x0d=FIN,RST,PUSH> Csum<0x1011> Urp<0x1213>          
[bcmPW.0]
[bcmPW.0]Packet[8]: data[0000]: {0000000000dd} {0000000000cc} 8100 0064
[bcmPW.0]Packet[8]: data[0010]: 0800 4500 002e 0000 0000 4006 3e8c 0a0a
[bcmPW.0]Packet[8]: data[0020]: 0aaa 0b0b 0bbb 0001 0203 0405 0607 0809
[bcmPW.0]Packet[8]: data[0030]: 0a0b 0c0d 0e0f 1011 1213 1415 1617 1819
[bcmPW.0]Packet[8]: data[0040]: 1a1b 1c1d 1f20 2122 2324 2526 2728 292a
[bcmPW.0]Packet[8]: data[0050]: 2b2c 2d2e 2f30 f5e9 81a4 0002 46b9 7845
[bcmPW.0]Packet[8]: data[0060]: 0000 0154 0000 0000 0002 46b9 7b14 4000
[bcmPW.0]Packet[8]: data[0070]: 0177 dca9 fac6                         
[bcmPW.0]Packet[8]: length 118 (118). rx-port 3. cos 0. prio_int 0. vlan 100. reason 0x400. Outer tagged.                            
[bcmPW.0]Packet[8]: dest-port 0. dest-mod 0. src-port 3. src-mod 0. opcode 0.  matched 223. classification-tag 0.                    
[bcmPW.0]Packet[8]: reasons: FilterMatch
[bcmPW.0]Packet[8]:
Packet[8]:   Ethernet: dst<00:00:00:00:00:dd> src<00:00:00:00:00:cc> Tagged Packet ProtID<0x8100> Ctrl<0x0064> Internet Protocol (IP)
Packet[8]:   IP: V(4) src<10.10.10.170> dst<11.11.11.187> hl<5> service-type<0> tl<46> id<0> frg-off<0> ttl<64> > chk-sum<0x3e8c>    
Packet[8]:   TCP: sPort<1> dPort<515> Seq<67438087> Ack<134810123> Off<0> Flags<0x0d=FIN,RST,PUSH> Csum<0x1011> Urp<0x1213>          



############ 4 ###########


tx 1 pbm=1 data=0000000000DD0000000000CC8100006408004500002E0000000040063E8C0A0A0AAA0B0B0BBB000102030405060708090a0b0c0d0e0f101112131415161718191a1b1c1d1f202122232425262728292a2b2c2d2e2f30

Packet from data=<>, length=90
[bcmPW.0]                     
[bcmPW.0]Packet[9]: data[0000]: {0000000000dd} {0000000000cc} 8100 0064
[bcmPW.0]Packet[9]: data[0010]: 0800 4500 002e 0000 0000 4006 3e8c 0a0a 
[bcmPW.0]Packet[9]: data[0020]: 0aaa 0b0b 0bbb 0001 0203 0405 0607 0809 
[bcmPW.0]Packet[9]: data[0030]: 0a0b 0c0d 0e0f 1011 1213 1415 1617 1819 
[bcmPW.0]Packet[9]: data[0040]: 1a1b 1c1d 1f20 2122 2324 2526 2728 292a 
[bcmPW.0]Packet[9]: data[0050]: 2b2c 2d2e 2f30 f5e9 81a4 0002 c706 d521 
[bcmPW.0]Packet[9]: data[0060]: 0000 0154 0000 0000                     
[bcmPW.0]Packet[9]: length 104 (104). rx-port 1. cos 0. prio_int 0. vlan 100. reason 0x400. Outer tagged.
[bcmPW.0]Packet[9]: dest-port 3. dest-mod 0. src-port 1. src-mod 0. opcode 1.  matched 222. classification-tag 0.
[bcmPW.0]Packet[9]: reasons: FilterMatch           
[bcmPW.0]Packet[9]: 
Packet[9]:   Ethernet: dst<00:00:00:00:00:dd> src<00:00:00:00:00:cc> Tagged Packet ProtID<0x8100> Ctrl<0x0064> Internet Protocol (IP)
Packet[9]:   IP: V(4) src<10.10.10.170> dst<11.11.11.187> hl<5> service-type<0> tl<46> id<0> frg-off<0> ttl<64> > chk-sum<0x3e8c>    
Packet[9]:   TCP: sPort<1> dPort<515> Seq<67438087> Ack<134810123> Off<0> Flags<0x0d=FIN,RST,PUSH> Csum<0x1011> Urp<0x1213>          
[bcmPW.0]
[bcmPW.0]Packet[10]: data[0000]: {0000000000dd} {0000000000cc} 8100 0064         
[bcmPW.0]Packet[10]: data[0010]: 0800 4500 002e 0000 0000 4006 3e8c 0a0a         
[bcmPW.0]Packet[10]: data[0020]: 0aaa 0b0b 0bbb 0001 0203 0405 0607 0809         
[bcmPW.0]Packet[10]: data[0030]: 0a0b 0c0d 0e0f 1011 1213 1415 1617 1819         
[bcmPW.0]Packet[10]: data[0040]: 1a1b 1c1d 1f20 2122 2324 2526 2728 292a         
[bcmPW.0]Packet[10]: data[0050]: 2b2c 2d2e 2f30 f5e9 81a4 0002 c706 d521         
[bcmPW.0]Packet[10]: data[0060]: 0000 0154 0000 0000 0002 c706 d7ec 4000         
[bcmPW.0]Packet[10]: data[0070]: 0177 3a58 3b26                        
[bcmPW.0]Packet[10]: length 118 (118). rx-port 3. cos 0. prio_int 0. vlan 100. reason 0x400. Outer tagged.                           
[bcmPW.0]Packet[10]: dest-port 0. dest-mod 0. src-port 3. src-mod 0. opcode 0.  matched 223. classification-tag 0.                   
[bcmPW.0]Packet[10]: reasons: FilterMatch                              
[bcmPW.0]Packet[10]:                    
Packet[10]:   Ethernet: dst<00:00:00:00:00:dd> src<00:00:00:00:00:cc> Tagged Packet ProtID<0x8100> Ctrl<0x0064> Internet Protocol (IP)
Packet[10]:   IP: V(4) src<10.10.10.170> dst<11.11.11.187> hl<5> service-type<0> tl<46> id<0> frg-off<0> ttl<64> > chk-sum<0x3e8c>    
Packet[10]:   TCP: sPort<1> dPort<515> Seq<67438087> Ack<134810123> Off<0> Flags<0x0d=FIN,RST,PUSH> Csum<0x1011> Urp<0x1213>          



############ 5 ###########


tx 1 pbm=1 data=0000000000DD0000000000CC8100006408004500002E0000000040063E8C0A0A0AAA0B0B0BBB000102030405060708090a0b0c0d0e0f101112131415161718191a1b1c1d1f202122232425262728292a2b2c2d2e2f30

Packet from data=<>, length=90
[bcmPW.0]                     
[bcmPW.0]Packet[11]: data[0000]: {0000000000dd} {0000000000cc} 8100 0064
[bcmPW.0]Packet[11]: data[0010]: 0800 4500 002e 0000 0000 4006 3e8c 0a0a 
[bcmPW.0]Packet[11]: data[0020]: 0aaa 0b0b 0bbb 0001 0203 0405 0607 0809 
[bcmPW.0]Packet[11]: data[0030]: 0a0b 0c0d 0e0f 1011 1213 1415 1617 1819 
[bcmPW.0]Packet[11]: data[0040]: 1a1b 1c1d 1f20 2122 2324 2526 2728 292a 
[bcmPW.0]Packet[11]: data[0050]: 2b2c 2d2e 2f30 f5e9 81a4 0003 4760 ff78 
[bcmPW.0]Packet[11]: data[0060]: 0000 0154 0000 0000                     
[bcmPW.0]Packet[11]: length 104 (104). rx-port 1. cos 0. prio_int 0. vlan 100. reason 0x400. Outer tagged.
[bcmPW.0]Packet[11]: dest-port 3. dest-mod 0. src-port 1. src-mod 0. opcode 1.  matched 222. classification-tag 0.
[bcmPW.0]Packet[11]: reasons: FilterMatch           
[bcmPW.0]Packet[11]: 
Packet[11]:   Ethernet: dst<00:00:00:00:00:dd> src<00:00:00:00:00:cc> Tagged Packet ProtID<0x8100> Ctrl<0x0064> Internet Protocol (IP)
Packet[11]:   IP: V(4) src<10.10.10.170> dst<11.11.11.187> hl<5> service-type<0> tl<46> id<0> frg-off<0> ttl<64> > chk-sum<0x3e8c>    
Packet[11]:   TCP: sPort<1> dPort<515> Seq<67438087> Ack<134810123> Off<0> Flags<0x0d=FIN,RST,PUSH> Csum<0x1011> Urp<0x1213>          
[bcmPW.0] 
[bcmPW.0]Packet[12]: data[0000]: {0000000000dd} {0000000000cc} 8100 0064
[bcmPW.0]Packet[12]: data[0010]: 0800 4500 002e 0000 0000 4006 3e8c 0a0a
[bcmPW.0]Packet[12]: data[0020]: 0aaa 0b0b 0bbb 0001 0203 0405 0607 0809
[bcmPW.0]Packet[12]: data[0030]: 0a0b 0c0d 0e0f 1011 1213 1415 1617 1819
[bcmPW.0]Packet[12]: data[0040]: 1a1b 1c1d 1f20 2122 2324 2526 2728 292a
[bcmPW.0]Packet[12]: data[0050]: 2b2c 2d2e 2f30 f5e9 81a4 0003 4760 ff78
[bcmPW.0]Packet[12]: data[0060]: 0000 0154 0000 0000 0003 4761 0244 4000
[bcmPW.0]Packet[12]: data[0070]: 0177 3d9e a4a2                         
[bcmPW.0]Packet[12]: length 118 (118). rx-port 3. cos 0. prio_int 0. vlan 100. reason 0x400. Outer tagged.                            
[bcmPW.0]Packet[12]: dest-port 0. dest-mod 0. src-port 3. src-mod 0. opcode 0.  matched 223. classification-tag 0.                    
[bcmPW.0]Packet[12]: reasons: FilterMatch
[bcmPW.0]Packet[12]:
Packet[12]:   Ethernet: dst<00:00:00:00:00:dd> src<00:00:00:00:00:cc> Tagged Packet ProtID<0x8100> Ctrl<0x0064> Internet Protocol (IP)
Packet[12]:   IP: V(4) src<10.10.10.170> dst<11.11.11.187> hl<5> service-type<0> tl<46> id<0> frg-off<0> ttl<64> > chk-sum<0x3e8c>    
Packet[12]:   TCP: sPort<1> dPort<515> Seq<67438087> Ack<134810123> Off<0> Flags<0x0d=FIN,RST,PUSH> Csum<0x1011> Urp<0x1213>          



############ 6 ###########


tx 1 pbm=1 data=0000000000DD0000000000CC8100006408004500002E0000000040063E8C0A0A0AAA0B0B0BBB000102030405060708090a0b0c0d0e0f101112131415161718191a1b1c1d1f202122232425262728292a2b2c2d2e2f30

Packet from data=<>, length=90
[bcmPW.0]                     
[bcmPW.0]Packet[13]: data[0000]: {0000000000dd} {0000000000cc} 8100 0064
[bcmPW.0]Packet[13]: data[0010]: 0800 4500 002e 0000 0000 4006 3e8c 0a0a 
[bcmPW.0]Packet[13]: data[0020]: 0aaa 0b0b 0bbb 0001 0203 0405 0607 0809 
[bcmPW.0]Packet[13]: data[0030]: 0a0b 0c0d 0e0f 1011 1213 1415 1617 1819 
[bcmPW.0]Packet[13]: data[0040]: 1a1b 1c1d 1f20 2122 2324 2526 2728 292a 
[bcmPW.0]Packet[13]: data[0050]: 2b2c 2d2e 2f30 f5e9 81a4 0003 c7bb 080d 
[bcmPW.0]Packet[13]: data[0060]: 0000 0154 0000 0000                     
[bcmPW.0]Packet[13]: length 104 (104). rx-port 1. cos 0. prio_int 0. vlan 100. reason 0x400. Outer tagged.
[bcmPW.0]Packet[13]: dest-port 3. dest-mod 0. src-port 1. src-mod 0. opcode 1.  matched 222. classification-tag 0.
[bcmPW.0]Packet[13]: reasons: FilterMatch           
[bcmPW.0]Packet[13]: 
Packet[13]:   Ethernet: dst<00:00:00:00:00:dd> src<00:00:00:00:00:cc> Tagged Packet ProtID<0x8100> Ctrl<0x0064> Internet Protocol (IP)
Packet[13]:   IP: V(4) src<10.10.10.170> dst<11.11.11.187> hl<5> service-type<0> tl<46> id<0> frg-off<0> ttl<64> > chk-sum<0x3e8c>    
Packet[13]:   TCP: sPort<1> dPort<515> Seq<67438087> Ack<134810123> Off<0> Flags<0x0d=FIN,RST,PUSH> Csum<0x1011> Urp<0x1213>          
[bcmPW.0] 
[bcmPW.0]Packet[14]: data[0000]: {0000000000dd} {0000000000cc} 8100 0064
[bcmPW.0]Packet[14]: data[0010]: 0800 4500 002e 0000 0000 4006 3e8c 0a0a
[bcmPW.0]Packet[14]: data[0020]: 0aaa 0b0b 0bbb 0001 0203 0405 0607 0809
[bcmPW.0]Packet[14]: data[0030]: 0a0b 0c0d 0e0f 1011 1213 1415 1617 1819
[bcmPW.0]Packet[14]: data[0040]: 1a1b 1c1d 1f20 2122 2324 2526 2728 292a
[bcmPW.0]Packet[14]: data[0050]: 2b2c 2d2e 2f30 f5e9 81a4 0003 c7bb 080d
[bcmPW.0]Packet[14]: data[0060]: 0000 0154 0000 0000 0003 c7bb 0adc 4000
[bcmPW.0]Packet[14]: data[0070]: 0177 bf30 8d6c                         
[bcmPW.0]Packet[14]: length 118 (118). rx-port 3. cos 0. prio_int 0. vlan 100. reason 0x400. Outer tagged.                            
[bcmPW.0]Packet[14]: dest-port 0. dest-mod 0. src-port 3. src-mod 0. opcode 0.  matched 223. classification-tag 0.                    
[bcmPW.0]Packet[14]: reasons: FilterMatch
[bcmPW.0]Packet[14]:
Packet[14]:   Ethernet: dst<00:00:00:00:00:dd> src<00:00:00:00:00:cc> Tagged Packet ProtID<0x8100> Ctrl<0x0064> Internet Protocol (IP)
Packet[14]:   IP: V(4) src<10.10.10.170> dst<11.11.11.187> hl<5> service-type<0> tl<46> id<0> frg-off<0> ttl<64> > chk-sum<0x3e8c>    
Packet[14]:   TCP: sPort<1> dPort<515> Seq<67438087> Ack<134810123> Off<0> Flags<0x0d=FIN,RST,PUSH> Csum<0x1011> Urp<0x1213>          



############ 7 ###########


tx 1 pbm=1 data=0000000000DD0000000000CC8100006408004500002E0000000040063E8C0A0A0AAA0B0B0BBB000102030405060708090a0b0c0d0e0f101112131415161718191a1b1c1d1f202122232425262728292a2b2c2d2e2f30

Packet from data=<>, length=90
[bcmPW.0]                     
[bcmPW.0]Packet[15]: data[0000]: {0000000000dd} {0000000000cc} 8100 0064
[bcmPW.0]Packet[15]: data[0010]: 0800 4500 002e 0000 0000 4006 3e8c 0a0a 
[bcmPW.0]Packet[15]: data[0020]: 0aaa 0b0b 0bbb 0001 0203 0405 0607 0809 
[bcmPW.0]Packet[15]: data[0030]: 0a0b 0c0d 0e0f 1011 1213 1415 1617 1819 
[bcmPW.0]Packet[15]: data[0040]: 1a1b 1c1d 1f20 2122 2324 2526 2728 292a 
[bcmPW.0]Packet[15]: data[0050]: 2b2c 2d2e 2f30 f5e9 81a4 0004 4815 e16d 
[bcmPW.0]Packet[15]: data[0060]: 0000 0154 0000 0000                     
[bcmPW.0]Packet[15]: length 104 (104). rx-port 1. cos 0. prio_int 0. vlan 100. reason 0x400. Outer tagged.
[bcmPW.0]Packet[15]: dest-port 3. dest-mod 0. src-port 1. src-mod 0. opcode 1.  matched 222. classification-tag 0.
[bcmPW.0]Packet[15]: reasons: FilterMatch           
[bcmPW.0]Packet[15]: 
Packet[15]:   Ethernet: dst<00:00:00:00:00:dd> src<00:00:00:00:00:cc> Tagged Packet ProtID<0x8100> Ctrl<0x0064> Internet Protocol (IP)
Packet[15]:   IP: V(4) src<10.10.10.170> dst<11.11.11.187> hl<5> service-type<0> tl<46> id<0> frg-off<0> ttl<64> > chk-sum<0x3e8c>    
Packet[15]:   TCP: sPort<1> dPort<515> Seq<67438087> Ack<134810123> Off<0> Flags<0x0d=FIN,RST,PUSH> Csum<0x1011> Urp<0x1213>          
[bcmPW.0] 
[bcmPW.0]Packet[16]: data[0000]: {0000000000dd} {0000000000cc} 8100 0064
[bcmPW.0]Packet[16]: data[0010]: 0800 4500 002e 0000 0000 4006 3e8c 0a0a
[bcmPW.0]Packet[16]: data[0020]: 0aaa 0b0b 0bbb 0001 0203 0405 0607 0809
[bcmPW.0]Packet[16]: data[0030]: 0a0b 0c0d 0e0f 1011 1213 1415 1617 1819
[bcmPW.0]Packet[16]: data[0040]: 1a1b 1c1d 1f20 2122 2324 2526 2728 292a
[bcmPW.0]Packet[16]: data[0050]: 2b2c 2d2e 2f30 f5e9 81a4 0004 4815 e16d
[bcmPW.0]Packet[16]: data[0060]: 0000 0154 0000 0000 0004 4815 e438 4000
[bcmPW.0]Packet[16]: data[0070]: 0177 cdcb c620                         
[bcmPW.0]Packet[16]: length 118 (118). rx-port 3. cos 0. prio_int 0. vlan 100. reason 0x400. Outer tagged.                            
[bcmPW.0]Packet[16]: dest-port 0. dest-mod 0. src-port 3. src-mod 0. opcode 0.  matched 223. classification-tag 0.                    
[bcmPW.0]Packet[16]: reasons: FilterMatch
[bcmPW.0]Packet[16]:
Packet[16]:   Ethernet: dst<00:00:00:00:00:dd> src<00:00:00:00:00:cc> Tagged Packet ProtID<0x8100> Ctrl<0x0064> Internet Protocol (IP)
Packet[16]:   IP: V(4) src<10.10.10.170> dst<11.11.11.187> hl<5> service-type<0> tl<46> id<0> frg-off<0> ttl<64> > chk-sum<0x3e8c>    
Packet[16]:   TCP: sPort<1> dPort<515> Seq<67438087> Ack<134810123> Off<0> Flags<0x0d=FIN,RST,PUSH> Csum<0x1011> Urp<0x1213>          



############ 8 ###########


tx 1 pbm=1 data=0000000000DD0000000000CC8100006408004500002E0000000040063E8C0A0A0AAA0B0B0BBB000102030405060708090a0b0c0d0e0f101112131415161718191a1b1c1d1f202122232425262728292a2b2c2d2e2f30

Packet from data=<>, length=90
[bcmPW.0]                     
[bcmPW.0]Packet[17]: data[0000]: {0000000000dd} {0000000000cc} 8100 0064
[bcmPW.0]Packet[17]: data[0010]: 0800 4500 002e 0000 0000 4006 3e8c 0a0a 
[bcmPW.0]Packet[17]: data[0020]: 0aaa 0b0b 0bbb 0001 0203 0405 0607 0809 
[bcmPW.0]Packet[17]: data[0030]: 0a0b 0c0d 0e0f 1011 1213 1415 1617 1819 
[bcmPW.0]Packet[17]: data[0040]: 1a1b 1c1d 1f20 2122 2324 2526 2728 292a 
[bcmPW.0]Packet[17]: data[0050]: 2b2c 2d2e 2f30 f5e9 81a4 0004 c86f f44c 
[bcmPW.0]Packet[17]: data[0060]: 0000 0154 0000 0000                     
[bcmPW.0]Packet[17]: length 104 (104). rx-port 1. cos 0. prio_int 0. vlan 100. reason 0x400. Outer tagged.
[bcmPW.0]Packet[17]: dest-port 3. dest-mod 0. src-port 1. src-mod 0. opcode 1.  matched 222. classification-tag 0.
[bcmPW.0]Packet[17]: reasons: FilterMatch           
[bcmPW.0]Packet[17]: 
Packet[17]:   Ethernet: dst<00:00:00:00:00:dd> src<00:00:00:00:00:cc> Tagged Packet ProtID<0x8100> Ctrl<0x0064> Internet Protocol (IP)
Packet[17]:   IP: V(4) src<10.10.10.170> dst<11.11.11.187> hl<5> service-type<0> tl<46> id<0> frg-off<0> ttl<64> > chk-sum<0x3e8c>    
Packet[17]:   TCP: sPort<1> dPort<515> Seq<67438087> Ack<134810123> Off<0> Flags<0x0d=FIN,RST,PUSH> Csum<0x1011> Urp<0x1213>          
[bcmPW.0] 
[bcmPW.0]Packet[18]: data[0000]: {0000000000dd} {0000000000cc} 8100 0064
[bcmPW.0]Packet[18]: data[0010]: 0800 4500 002e 0000 0000 4006 3e8c 0a0a
[bcmPW.0]Packet[18]: data[0020]: 0aaa 0b0b 0bbb 0001 0203 0405 0607 0809
[bcmPW.0]Packet[18]: data[0030]: 0a0b 0c0d 0e0f 1011 1213 1415 1617 1819
[bcmPW.0]Packet[18]: data[0040]: 1a1b 1c1d 1f20 2122 2324 2526 2728 292a
[bcmPW.0]Packet[18]: data[0050]: 2b2c 2d2e 2f30 f5e9 81a4 0004 c86f f44c
[bcmPW.0]Packet[18]: data[0060]: 0000 0154 0000 0000 0004 c86f f718 4000
[bcmPW.0]Packet[18]: data[0070]: 0177 3420 5ae3
[bcmPW.0]Packet[18]: length 118 (118). rx-port 3. cos 0. prio_int 0. vlan 100. reason 0x400. Outer tagged.
[bcmPW.0]Packet[18]: dest-port 0. dest-mod 0. src-port 3. src-mod 0. opcode 0.  matched 223. classification-tag 0.
[bcmPW.0]Packet[18]: reasons: FilterMatch
[bcmPW.0]Packet[18]:
Packet[18]:   Ethernet: dst<00:00:00:00:00:dd> src<00:00:00:00:00:cc> Tagged Packet ProtID<0x8100> Ctrl<0x0064> Internet Protocol (IP)
Packet[18]:   IP: V(4) src<10.10.10.170> dst<11.11.11.187> hl<5> service-type<0> tl<46> id<0> frg-off<0> ttl<64> > chk-sum<0x3e8c>
Packet[18]:   TCP: sPort<1> dPort<515> Seq<67438087> Ack<134810123> Off<0> Flags<0x0d=FIN,RST,PUSH> Csum<0x1011> Urp<0x1213>



############ 9 ###########


tx 1 pbm=1 data=0000000000DD0000000000CC8100006408004500002E0000000040063E8C0A0A0AAA0B0B0BBB000102030405060708090a0b0c0d0e0f101112131415161718191a1b1c1d1f202122232425262728292a2b2c2d2e2f30

Packet from data=<>, length=90
[bcmPW.0]
[bcmPW.0]Packet[19]: data[0000]: {0000000000dd} {0000000000cc} 8100 0064
[bcmPW.0]Packet[19]: data[0010]: 0800 4500 002e 0000 0000 4006 3e8c 0a0a
[bcmPW.0]Packet[19]: data[0020]: 0aaa 0b0b 0bbb 0001 0203 0405 0607 0809
[bcmPW.0]Packet[19]: data[0030]: 0a0b 0c0d 0e0f 1011 1213 1415 1617 1819
[bcmPW.0]Packet[19]: data[0040]: 1a1b 1c1d 1f20 2122 2324 2526 2728 292a
[bcmPW.0]Packet[19]: data[0050]: 2b2c 2d2e 2f30 f5e9 81a4 0005 48c0 d255
[bcmPW.0]Packet[19]: data[0060]: 0000 0154 0000 0000
[bcmPW.0]Packet[19]: length 104 (104). rx-port 1. cos 0. prio_int 0. vlan 100. reason 0x400. Outer tagged.
[bcmPW.0]Packet[19]: dest-port 3. dest-mod 0. src-port 1. src-mod 0. opcode 1.  matched 222. classification-tag 0.
[bcmPW.0]Packet[19]: reasons: FilterMatch
[bcmPW.0]Packet[19]:
Packet[19]:   Ethernet: dst<00:00:00:00:00:dd> src<00:00:00:00:00:cc> Tagged Packet ProtID<0x8100> Ctrl<0x0064> Internet Protocol (IP)
Packet[19]:   IP: V(4) src<10.10.10.170> dst<11.11.11.187> hl<5> service-type<0> tl<46> id<0> frg-off<0> ttl<64> > chk-sum<0x3e8c>
Packet[19]:   TCP: sPort<1> dPort<515> Seq<67438087> Ack<134810123> Off<0> Flags<0x0d=FIN,RST,PUSH> Csum<0x1011> Urp<0x1213>
[bcmPW.0]
[bcmPW.0]Packet[20]: data[0000]: {0000000000dd} {0000000000cc} 8100 0064
[bcmPW.0]Packet[20]: data[0010]: 0800 4500 002e 0000 0000 4006 3e8c 0a0a
[bcmPW.0]Packet[20]: data[0020]: 0aaa 0b0b 0bbb 0001 0203 0405 0607 0809
[bcmPW.0]Packet[20]: data[0030]: 0a0b 0c0d 0e0f 1011 1213 1415 1617 1819
[bcmPW.0]Packet[20]: data[0040]: 1a1b 1c1d 1f20 2122 2324 2526 2728 292a
[bcmPW.0]Packet[20]: data[0050]: 2b2c 2d2e 2f30 f5e9 81a4 0005 48c0 d255
[bcmPW.0]Packet[20]: data[0060]: 0000 0154 0000 0000 0005 48c0 d524 4000
[bcmPW.0]Packet[20]: data[0070]: 0177 d714 6256
[bcmPW.0]Packet[20]: length 118 (118). rx-port 3. cos 0. prio_int 0. vlan 100. reason 0x400. Outer tagged.
[bcmPW.0]Packet[20]: dest-port 0. dest-mod 0. src-port 3. src-mod 0. opcode 0.  matched 223. classification-tag 0.
[bcmPW.0]Packet[20]: reasons: FilterMatch
[bcmPW.0]Packet[20]:
Packet[20]:   Ethernet: dst<00:00:00:00:00:dd> src<00:00:00:00:00:cc> Tagged Packet ProtID<0x8100> Ctrl<0x0064> Internet Protocol (IP)
Packet[20]:   IP: V(4) src<10.10.10.170> dst<11.11.11.187> hl<5> service-type<0> tl<46> id<0> frg-off<0> ttl<64> > chk-sum<0x3e8c>
Packet[20]:   TCP: sPort<1> dPort<515> Seq<67438087> Ack<134810123> Off<0> Flags<0x0d=FIN,RST,PUSH> Csum<0x1011> Urp<0x1213>
bcm_error_t $$ = BCM_E_NONE (0)
BCM.0>
