BCM.0> cint packet_timestamping_per_flow.c
int ing_port1 = 1 (0x1)                      
int ing_port2 = 2 (0x2)                      
int egr_port = 3 (0x3)                       
Doing create vlan and port add...            
Doing L2 address add...                      
Doing port loopback for 2...                 
Doing port control for PacketTimeStampRxId.. 
Doing port control for PacketTimeStampTxId.. 
Doing IFP group create..                     
Doing IFP entry create..                     
Doing IFP action add IngTimeStamp Insert..   
Doing IFP action add EgrTimeStamp Insert..   
Doing stat attach..                          
Doing IFP entry instal l111..                
Done IFP entry instal 2222..                 
FP:     unit 0:
PIPELINE STAGE INGRESS                       
FP:           :tcam_sz=3072(0xc00), tcam_slices=9, tcam_ext_numb=0,          
PIPELINE STAGE EGRESS                        
FP:           :tcam_sz=512(0x200), tcam_slices=4, tcam_ext_numb=0,           
PIPELINE STAGE LOOKUP                        
FP:           :tcam_sz=512(0x200), tcam_slices=4, tcam_ext_numb=0,           
GID       9998: gid=0x270e, instance=0 mode=Single, stage=Ingress lookup=Enabled, ActionResId={-1}, pbmp={0x0000000000000000000000000000f0000f4000f0000f0000f0000f4000f0001f}
         qset={InPort, Stage},               

         group_priority= 0
         slice_primary =  {slice_number=0, Entry count=256(0x100), Entry free=255(0xff)},
         group_status={prio_min=-2147483647, prio_max=2147483647, entries_total=2560, entries_free=2559,
                       counters_total=38912, counters_free=37887, meters_total=512, meters_free=512}    
EID 0x0001868d: gid=0x270e,             
         slice=0, slice_idx=0, part =0, prio=0, flags=0x10602, Installed, Enabled, color_indep=1        

 InPort 
    Part:0 Offset0: 16 Width0:   4 
    Part:0 Offset1: 84 Width1:   4 
    DATA=0x00000001                
    MASK=0x000000ff                
         action={act=CopyToCpu, param0=1(0x1), param1=222(0xde), param2=0(0), param3=0(0)}
         policer=         
         statistics={stat id 9998  slice = 8 idx=3 entries=1}{Packets}{Bytes}             
GID       9999: gid=0x270f, instance=0 mode=Single, stage=Ingress lookup=Enabled, ActionResId={-1}, pbmp={0x0000000000000000000000000000f0000f4000f0000f0000f0000f4000f0001f}
         qset={InPort, Stage},               

         group_priority= 0
         slice_primary =  {slice_number=1, Entry count=256(0x100), Entry free=255(0xff)},
         group_status={prio_min=-2147483647, prio_max=2147483647, entries_total=2560, entries_free=2559,
                       counters_total=38912, counters_free=37887, meters_total=512, meters_free=512}    
EID 0x00018697: gid=0x270f,             
         slice=1, slice_idx=0, part =0, prio=0, flags=0x10602, Installed, Enabled, color_indep=1        

 InPort 
    Part:0 Offset0: 16 Width0:   4 
    Part:0 Offset1: 84 Width1:   4 
    DATA=0x00000003                
    MASK=0x000000ff                
         action={act=CopyToCpu, param0=1(0x1), param1=223(0xdf), param2=0(0), param3=0(0)}
         policer=         
         statistics={stat id 9999  slice = 9 idx=3 entries=1}{Packets}{Bytes}             
GID          1: gid=0x1, instance=0 mode=Single, stage=Ingress lookup=Enabled, ActionResId={-1}, pbmp={0x0000000000000000000000000000f0000f4000f0000f0000f0000f4000f0001f}
         qset={InPort, Stage, StageIngress},

         group_priority= 0
         slice_primary =  {slice_number=2, Entry count=256(0x100), Entry free=255(0xff)},
         group_status={prio_min=-2147483647, prio_max=2147483647, entries_total=2560, entries_free=2559,
                       counters_total=38912, counters_free=37887, meters_total=512, meters_free=512}    
EID 0x00000001: gid=0x1,                
         slice=2, slice_idx=0, part =0, prio=0, flags=0x10602, Installed, Enabled, color_indep=1        

         action={act=EgressTimeStampInsert, param0=0(0), param1=0(0), param2=0(0), param3=0(0)}
         action={act=IngressTimeStampInsert, param0=0(0), param1=0(0), param2=0(0), param3=0(0)}
         policer=               
         statistics={stat id 1  slice = 10 idx=3 entries=1}{Packets}{Bytes}                     



############ 0 ###########


tx 1 pbm=1 data=0000000000DD0000000000CC8100006408004500002E0000000040063E8C0A0A0AAA0B0B0BBB000102030405060708090a0b0c0d0e0f101112131415161718191a1b1c1d1f202122232425262728292a2b2c2d2e2f30

Packet from data=<>, length=90
[bcmPW.0]                     
[bcmPW.0]Packet[1]: data[0000]: {0000000000dd} {0000000000cc} 8100 0064
[bcmPW.0]Packet[1]: data[0010]: 0800 4500 002e 0000 0000 4006 3e8c 0a0a 
[bcmPW.0]Packet[1]: data[0020]: 0aaa 0b0b 0bbb 0001 0203 0405 0607 0809 
[bcmPW.0]Packet[1]: data[0030]: 0a0b 0c0d 0e0f 1011 1213 1415 1617 1819 
[bcmPW.0]Packet[1]: data[0040]: 1a1b 1c1d 1f20 2122 2324 2526 2728 292a 
[bcmPW.0]Packet[1]: data[0050]: 2b2c 2d2e 2f30 f5e9 81a4 ffff fb9a ca00 
[bcmPW.0]Packet[1]: data[0060]: 0000 0198 0000 0000 0000 05ce 2d32 4000 
[bcmPW.0]Packet[1]: data[0070]: 0001 0000 0000                          
[bcmPW.0]Packet[1]: length 118 (118). rx-port 1. cos 0. prio_int 0. vlan 100. reason 0x400. Outer tagged.
[bcmPW.0]Packet[1]: dest-port 3. dest-mod 0. src-port 1. src-mod 0. opcode 1.  matched 222. classification-tag 0.
[bcmPW.0]Packet[1]: reasons: FilterMatch         
[bcmPW.0]Packet[1]:
Packet[1]:   Ethernet: dst<00:00:00:00:00:dd> src<00:00:00:00:00:cc> Tagged Packet ProtID<0x8100> Ctrl<0x0064> Internet Protocol (IP)
Packet[1]:   IP: V(4) src<10.10.10.170> dst<11.11.11.187> hl<5> service-type<0> tl<46> id<0> frg-off<0> ttl<64> > chk-sum<0x3e8c>    
Packet[1]:   TCP: sPort<1> dPort<515> Seq<67438087> Ack<134810123> Off<0> Flags<0x0d=FIN,RST,PUSH> Csum<0x1011> Urp<0x1213>          
[bcmPW.0]                            
[bcmPW.0]Packet[2]: data[0000]: {0000000000dd} {0000000000cc} 8100 0064
[bcmPW.0]Packet[2]: data[0010]: 0800 4500 002e 0000 0000 4006 3e8c 0a0a
[bcmPW.0]Packet[2]: data[0020]: 0aaa 0b0b 0bbb 0001 0203 0405 0607 0809
[bcmPW.0]Packet[2]: data[0030]: 0a0b 0c0d 0e0f 1011 1213 1415 1617 1819
[bcmPW.0]Packet[2]: data[0040]: 1a1b 1c1d 1f20 2122 2324 2526 2728 292a
[bcmPW.0]Packet[2]: data[0050]: 2b2c 2d2e 2f30 f5e9 81a4 ffff fb9a ca00
[bcmPW.0]Packet[2]: data[0060]: 0000 0198 0000 0000 0000 00e9 8746 4000
[bcmPW.0]Packet[2]: data[0070]: 01bb e925 7f90 ffff fb9a ca00 0000 0000
[bcmPW.0]Packet[2]: data[0080]: 0000 0000 0000 05ce 2d36 4000 0001 0000
[bcmPW.0]Packet[2]: data[0090]: 0000 
[bcmPW.0]Packet[2]: length 146 (146). rx-port 3. cos 0. prio_int 0. vlan 100. reason 0x400. Outer tagged.                            
[bcmPW.0]Packet[2]: dest-port 0. dest-mod 0. src-port 3. src-mod 0. opcode 0.  matched 223. classification-tag 0.                    
[bcmPW.0]Packet[2]: reasons: FilterMatch                             
[bcmPW.0]Packet[2]:                  
Packet[2]:   Ethernet: dst<00:00:00:00:00:dd> src<00:00:00:00:00:cc> Tagged Packet ProtID<0x8100> Ctrl<0x0064> Internet Protocol (IP)
Packet[2]:   IP: V(4) src<10.10.10.170> dst<11.11.11.187> hl<5> service-type<0> tl<46> id<0> frg-off<0> ttl<64> > chk-sum<0x3e8c>    
Packet[2]:   TCP: sPort<1> dPort<515> Seq<67438087> Ack<134810123> Off<0> Flags<0x0d=FIN,RST,PUSH> Csum<0x1011> Urp<0x1213>          



############ 1 ###########


tx 1 pbm=1 data=0000000000DD0000000000CC8100006408004500002E0000000040063E8C0A0A0AAA0B0B0BBB000102030405060708090a0b0c0d0e0f101112131415161718191a1b1c1d1f202122232425262728292a2b2c2d2e2f30

Packet from data=<>, length=90
[bcmPW.0]                     
[bcmPW.0]Packet[3]: data[0000]: {0000000000dd} {0000000000cc} 8100 0064
[bcmPW.0]Packet[3]: data[0010]: 0800 4500 002e 0000 0000 4006 3e8c 0a0a 
[bcmPW.0]Packet[3]: data[0020]: 0aaa 0b0b 0bbb 0001 0203 0405 0607 0809 
[bcmPW.0]Packet[3]: data[0030]: 0a0b 0c0d 0e0f 1011 1213 1415 1617 1819 
[bcmPW.0]Packet[3]: data[0040]: 1a1b 1c1d 1f20 2122 2324 2526 2728 292a 
[bcmPW.0]Packet[3]: data[0050]: 2b2c 2d2e 2f30 f5e9 81a4 ffff fb9a ca00 
[bcmPW.0]Packet[3]: data[0060]: 0000 0198 0000 0000 0000 813e b422 4000 
[bcmPW.0]Packet[3]: data[0070]: 0001 0000 0000                          
[bcmPW.0]Packet[3]: length 118 (118). rx-port 1. cos 0. prio_int 0. vlan 100. reason 0x400. Outer tagged.
[bcmPW.0]Packet[3]: dest-port 3. dest-mod 0. src-port 1. src-mod 0. opcode 1.  matched 222. classification-tag 0.
[bcmPW.0]Packet[3]: reasons: FilterMatch         
[bcmPW.0]Packet[3]:
Packet[3]:   Ethernet: dst<00:00:00:00:00:dd> src<00:00:00:00:00:cc> Tagged Packet ProtID<0x8100> Ctrl<0x0064> Internet Protocol (IP)
Packet[3]:   IP: V(4) src<10.10.10.170> dst<11.11.11.187> hl<5> service-type<0> tl<46> id<0> frg-off<0> ttl<64> > chk-sum<0x3e8c>    
Packet[3]:   TCP: sPort<1> dPort<515> Seq<67438087> Ack<134810123> Off<0> Flags<0x0d=FIN,RST,PUSH> Csum<0x1011> Urp<0x1213>          
[bcmPW.0]                            
[bcmPW.0]Packet[4]: data[0000]: {0000000000dd} {0000000000cc} 8100 0064
[bcmPW.0]Packet[4]: data[0010]: 0800 4500 002e 0000 0000 4006 3e8c 0a0a
[bcmPW.0]Packet[4]: data[0020]: 0aaa 0b0b 0bbb 0001 0203 0405 0607 0809
[bcmPW.0]Packet[4]: data[0030]: 0a0b 0c0d 0e0f 1011 1213 1415 1617 1819
[bcmPW.0]Packet[4]: data[0040]: 1a1b 1c1d 1f20 2122 2324 2526 2728 292a
[bcmPW.0]Packet[4]: data[0050]: 2b2c 2d2e 2f30 f5e9 81a4 ffff fb9a ca00
[bcmPW.0]Packet[4]: data[0060]: 0000 0198 0000 0000 0000 813e b392 4000
[bcmPW.0]Packet[4]: data[0070]: 01bb 4401 1482 ffff fb9a ca00 0000 0000
[bcmPW.0]Packet[4]: data[0080]: 0000 0000 0000 813e b6fe 4000 0001 0000
[bcmPW.0]Packet[4]: data[0090]: 0000 
[bcmPW.0]Packet[4]: length 146 (146). rx-port 3. cos 0. prio_int 0. vlan 100. reason 0x400. Outer tagged.                            
[bcmPW.0]Packet[4]: dest-port 0. dest-mod 0. src-port 3. src-mod 0. opcode 0.  matched 223. classification-tag 0.                    
[bcmPW.0]Packet[4]: reasons: FilterMatch                             
[bcmPW.0]Packet[4]:                  
Packet[4]:   Ethernet: dst<00:00:00:00:00:dd> src<00:00:00:00:00:cc> Tagged Packet ProtID<0x8100> Ctrl<0x0064> Internet Protocol (IP)
Packet[4]:   IP: V(4) src<10.10.10.170> dst<11.11.11.187> hl<5> service-type<0> tl<46> id<0> frg-off<0> ttl<64> > chk-sum<0x3e8c>    
Packet[4]:   TCP: sPort<1> dPort<515> Seq<67438087> Ack<134810123> Off<0> Flags<0x0d=FIN,RST,PUSH> Csum<0x1011> Urp<0x1213>          



############ 2 ###########


tx 1 pbm=1 data=0000000000DD0000000000CC8100006408004500002E0000000040063E8C0A0A0AAA0B0B0BBB000102030405060708090a0b0c0d0e0f101112131415161718191a1b1c1d1f202122232425262728292a2b2c2d2e2f30

Packet from data=<>, length=90
[bcmPW.0]                     
[bcmPW.0]Packet[5]: data[0000]: {0000000000dd} {0000000000cc} 8100 0064
[bcmPW.0]Packet[5]: data[0010]: 0800 4500 002e 0000 0000 4006 3e8c 0a0a 
[bcmPW.0]Packet[5]: data[0020]: 0aaa 0b0b 0bbb 0001 0203 0405 0607 0809 
[bcmPW.0]Packet[5]: data[0030]: 0a0b 0c0d 0e0f 1011 1213 1415 1617 1819 
[bcmPW.0]Packet[5]: data[0040]: 1a1b 1c1d 1f20 2122 2324 2526 2728 292a 
[bcmPW.0]Packet[5]: data[0050]: 2b2c 2d2e 2f30 f5e9 81a4 ffff fb9a ca00 
[bcmPW.0]Packet[5]: data[0060]: 0000 0198 0000 0000 0001 0198 2eda 4000 
[bcmPW.0]Packet[5]: data[0070]: 0001 0000 0000                          
[bcmPW.0]Packet[5]: length 118 (118). rx-port 1. cos 0. prio_int 0. vlan 100. reason 0x400. Outer tagged.
[bcmPW.0]Packet[5]: dest-port 3. dest-mod 0. src-port 1. src-mod 0. opcode 1.  matched 222. classification-tag 0.
[bcmPW.0]Packet[5]: reasons: FilterMatch         
[bcmPW.0]Packet[5]:
Packet[5]:   Ethernet: dst<00:00:00:00:00:dd> src<00:00:00:00:00:cc> Tagged Packet ProtID<0x8100> Ctrl<0x0064> Internet Protocol (IP)
Packet[5]:   IP: V(4) src<10.10.10.170> dst<11.11.11.187> hl<5> service-type<0> tl<46> id<0> frg-off<0> ttl<64> > chk-sum<0x3e8c>    
Packet[5]:   TCP: sPort<1> dPort<515> Seq<67438087> Ack<134810123> Off<0> Flags<0x0d=FIN,RST,PUSH> Csum<0x1011> Urp<0x1213>          
[bcmPW.0]                            
[bcmPW.0]Packet[6]: data[0000]: {0000000000dd} {0000000000cc} 8100 0064
[bcmPW.0]Packet[6]: data[0010]: 0800 4500 002e 0000 0000 4006 3e8c 0a0a
[bcmPW.0]Packet[6]: data[0020]: 0aaa 0b0b 0bbb 0001 0203 0405 0607 0809
[bcmPW.0]Packet[6]: data[0030]: 0a0b 0c0d 0e0f 1011 1213 1415 1617 1819
[bcmPW.0]Packet[6]: data[0040]: 1a1b 1c1d 1f20 2122 2324 2526 2728 292a
[bcmPW.0]Packet[6]: data[0050]: 2b2c 2d2e 2f30 f5e9 81a4 ffff fb9a ca00
[bcmPW.0]Packet[6]: data[0060]: 0000 0198 0000 0000 0001 0198 2e4a 4000
[bcmPW.0]Packet[6]: data[0070]: 01bb 8c47 52fa ffff fb9a ca00 0000 0000
[bcmPW.0]Packet[6]: data[0080]: 0000 0000 0001 0198 31ae 4000 0001 0000
[bcmPW.0]Packet[6]: data[0090]: 0000 
[bcmPW.0]Packet[6]: length 146 (146). rx-port 3. cos 0. prio_int 0. vlan 100. reason 0x400. Outer tagged.                            
[bcmPW.0]Packet[6]: dest-port 0. dest-mod 0. src-port 3. src-mod 0. opcode 0.  matched 223. classification-tag 0.                    
[bcmPW.0]Packet[6]: reasons: FilterMatch                             
[bcmPW.0]Packet[6]:                  
Packet[6]:   Ethernet: dst<00:00:00:00:00:dd> src<00:00:00:00:00:cc> Tagged Packet ProtID<0x8100> Ctrl<0x0064> Internet Protocol (IP)
Packet[6]:   IP: V(4) src<10.10.10.170> dst<11.11.11.187> hl<5> service-type<0> tl<46> id<0> frg-off<0> ttl<64> > chk-sum<0x3e8c>    
Packet[6]:   TCP: sPort<1> dPort<515> Seq<67438087> Ack<134810123> Off<0> Flags<0x0d=FIN,RST,PUSH> Csum<0x1011> Urp<0x1213>          



############ 3 ###########


tx 1 pbm=1 data=0000000000DD0000000000CC8100006408004500002E0000000040063E8C0A0A0AAA0B0B0BBB000102030405060708090a0b0c0d0e0f101112131415161718191a1b1c1d1f202122232425262728292a2b2c2d2e2f30

Packet from data=<>, length=90
[bcmPW.0]                     
[bcmPW.0]Packet[7]: data[0000]: {0000000000dd} {0000000000cc} 8100 0064
[bcmPW.0]Packet[7]: data[0010]: 0800 4500 002e 0000 0000 4006 3e8c 0a0a 
[bcmPW.0]Packet[7]: data[0020]: 0aaa 0b0b 0bbb 0001 0203 0405 0607 0809 
[bcmPW.0]Packet[7]: data[0030]: 0a0b 0c0d 0e0f 1011 1213 1415 1617 1819 
[bcmPW.0]Packet[7]: data[0040]: 1a1b 1c1d 1f20 2122 2324 2526 2728 292a 
[bcmPW.0]Packet[7]: data[0050]: 2b2c 2d2e 2f30 f5e9 81a4 0001 1194 d800 
[bcmPW.0]Packet[7]: data[0060]: 0000 0198 0000 0000 0001 81f2 430a 4000 
[bcmPW.0]Packet[7]: data[0070]: 0001 0000 0000                          
[bcmPW.0]Packet[7]: length 118 (118). rx-port 1. cos 0. prio_int 0. vlan 100. reason 0x400. Outer tagged.
[bcmPW.0]Packet[7]: dest-port 3. dest-mod 0. src-port 1. src-mod 0. opcode 1.  matched 222. classification-tag 0.
[bcmPW.0]Packet[7]: reasons: FilterMatch         
[bcmPW.0]Packet[7]:
Packet[7]:   Ethernet: dst<00:00:00:00:00:dd> src<00:00:00:00:00:cc> Tagged Packet ProtID<0x8100> Ctrl<0x0064> Internet Protocol (IP)
Packet[7]:   IP: V(4) src<10.10.10.170> dst<11.11.11.187> hl<5> service-type<0> tl<46> id<0> frg-off<0> ttl<64> > chk-sum<0x3e8c>    
Packet[7]:   TCP: sPort<1> dPort<515> Seq<67438087> Ack<134810123> Off<0> Flags<0x0d=FIN,RST,PUSH> Csum<0x1011> Urp<0x1213>          
[bcmPW.0]                            
[bcmPW.0]Packet[8]: data[0000]: {0000000000dd} {0000000000cc} 8100 0064
[bcmPW.0]Packet[8]: data[0010]: 0800 4500 002e 0000 0000 4006 3e8c 0a0a
[bcmPW.0]Packet[8]: data[0020]: 0aaa 0b0b 0bbb 0001 0203 0405 0607 0809
[bcmPW.0]Packet[8]: data[0030]: 0a0b 0c0d 0e0f 1011 1213 1415 1617 1819
[bcmPW.0]Packet[8]: data[0040]: 1a1b 1c1d 1f20 2122 2324 2526 2728 292a
[bcmPW.0]Packet[8]: data[0050]: 2b2c 2d2e 2f30 f5e9 81a4 0001 1194 d800
[bcmPW.0]Packet[8]: data[0060]: 0000 0198 0000 0000 0001 81f2 4276 4000
[bcmPW.0]Packet[8]: data[0070]: 01bb 8090 d717 0001 1194 d800 0000 0000
[bcmPW.0]Packet[8]: data[0080]: 0000 0000 0001 81f2 45de 4000 0001 0000
[bcmPW.0]Packet[8]: data[0090]: 0000 
[bcmPW.0]Packet[8]: length 146 (146). rx-port 3. cos 0. prio_int 0. vlan 100. reason 0x400. Outer tagged.                            
[bcmPW.0]Packet[8]: dest-port 0. dest-mod 0. src-port 3. src-mod 0. opcode 0.  matched 223. classification-tag 0.                    
[bcmPW.0]Packet[8]: reasons: FilterMatch                             
[bcmPW.0]Packet[8]:                  
Packet[8]:   Ethernet: dst<00:00:00:00:00:dd> src<00:00:00:00:00:cc> Tagged Packet ProtID<0x8100> Ctrl<0x0064> Internet Protocol (IP)
Packet[8]:   IP: V(4) src<10.10.10.170> dst<11.11.11.187> hl<5> service-type<0> tl<46> id<0> frg-off<0> ttl<64> > chk-sum<0x3e8c>    
Packet[8]:   TCP: sPort<1> dPort<515> Seq<67438087> Ack<134810123> Off<0> Flags<0x0d=FIN,RST,PUSH> Csum<0x1011> Urp<0x1213>          



############ 4 ###########


tx 1 pbm=1 data=0000000000DD0000000000CC8100006408004500002E0000000040063E8C0A0A0AAA0B0B0BBB000102030405060708090a0b0c0d0e0f101112131415161718191a1b1c1d1f202122232425262728292a2b2c2d2e2f30

Packet from data=<>, length=90
[bcmPW.0]                     
[bcmPW.0]Packet[9]: data[0000]: {0000000000dd} {0000000000cc} 8100 0064
[bcmPW.0]Packet[9]: data[0010]: 0800 4500 002e 0000 0000 4006 3e8c 0a0a 
[bcmPW.0]Packet[9]: data[0020]: 0aaa 0b0b 0bbb 0001 0203 0405 0607 0809 
[bcmPW.0]Packet[9]: data[0030]: 0a0b 0c0d 0e0f 1011 1213 1415 1617 1819 
[bcmPW.0]Packet[9]: data[0040]: 1a1b 1c1d 1f20 2122 2324 2526 2728 292a 
[bcmPW.0]Packet[9]: data[0050]: 2b2c 2d2e 2f30 f5e9 81a4 0001 1194 d800 
[bcmPW.0]Packet[9]: data[0060]: 0000 0198 0000 0000 0002 024c cdda 4000 
[bcmPW.0]Packet[9]: data[0070]: 0001 0000 0000                          
[bcmPW.0]Packet[9]: length 118 (118). rx-port 1. cos 0. prio_int 0. vlan 100. reason 0x400. Outer tagged.
[bcmPW.0]Packet[9]: dest-port 3. dest-mod 0. src-port 1. src-mod 0. opcode 1.  matched 222. classification-tag 0.
[bcmPW.0]Packet[9]: reasons: FilterMatch         
[bcmPW.0]Packet[9]:
Packet[9]:   Ethernet: dst<00:00:00:00:00:dd> src<00:00:00:00:00:cc> Tagged Packet ProtID<0x8100> Ctrl<0x0064> Internet Protocol (IP)
Packet[9]:   IP: V(4) src<10.10.10.170> dst<11.11.11.187> hl<5> service-type<0> tl<46> id<0> frg-off<0> ttl<64> > chk-sum<0x3e8c>    
Packet[9]:   TCP: sPort<1> dPort<515> Seq<67438087> Ack<134810123> Off<0> Flags<0x0d=FIN,RST,PUSH> Csum<0x1011> Urp<0x1213>          
[bcmPW.0]                            
[bcmPW.0]Packet[10]: data[0000]: {0000000000dd} {0000000000cc} 8100 0064                             
[bcmPW.0]Packet[10]: data[0010]: 0800 4500 002e 0000 0000 4006 3e8c 0a0a                             
[bcmPW.0]Packet[10]: data[0020]: 0aaa 0b0b 0bbb 0001 0203 0405 0607 0809                             
[bcmPW.0]Packet[10]: data[0030]: 0a0b 0c0d 0e0f 1011 1213 1415 1617 1819                             
[bcmPW.0]Packet[10]: data[0040]: 1a1b 1c1d 1f20 2122 2324 2526 2728 292a                             
[bcmPW.0]Packet[10]: data[0050]: 2b2c 2d2e 2f30 f5e9 81a4 0001 1194 d800                             
[bcmPW.0]Packet[10]: data[0060]: 0000 0198 0000 0000 0002 024c cd46 4000                             
[bcmPW.0]Packet[10]: data[0070]: 01bb 0a04 63cd 0001 1194 d800 0000 0000                             
[bcmPW.0]Packet[10]: data[0080]: 0000 0000 0002 024c d0ae 4000 0001 0000                             
[bcmPW.0]Packet[10]: data[0090]: 0000
[bcmPW.0]Packet[10]: length 146 (146). rx-port 3. cos 0. prio_int 0. vlan 100. reason 0x400. Outer tagged.                           
[bcmPW.0]Packet[10]: dest-port 0. dest-mod 0. src-port 3. src-mod 0. opcode 0.  matched 223. classification-tag 0.                   
[bcmPW.0]Packet[10]: reasons: FilterMatch                            
[bcmPW.0]Packet[10]:                 
Packet[10]:   Ethernet: dst<00:00:00:00:00:dd> src<00:00:00:00:00:cc> Tagged Packet ProtID<0x8100> Ctrl<0x0064> Internet Protocol (IP)
Packet[10]:   IP: V(4) src<10.10.10.170> dst<11.11.11.187> hl<5> service-type<0> tl<46> id<0> frg-off<0> ttl<64> > chk-sum<0x3e8c>    
Packet[10]:   TCP: sPort<1> dPort<515> Seq<67438087> Ack<134810123> Off<0> Flags<0x0d=FIN,RST,PUSH> Csum<0x1011> Urp<0x1213>          



############ 5 ###########


tx 1 pbm=1 data=0000000000DD0000000000CC8100006408004500002E0000000040063E8C0A0A0AAA0B0B0BBB000102030405060708090a0b0c0d0e0f101112131415161718191a1b1c1d1f202122232425262728292a2b2c2d2e2f30

Packet from data=<>, length=90
[bcmPW.0]                     
[bcmPW.0]Packet[11]: data[0000]: {0000000000dd} {0000000000cc} 8100 0064
[bcmPW.0]Packet[11]: data[0010]: 0800 4500 002e 0000 0000 4006 3e8c 0a0a 
[bcmPW.0]Packet[11]: data[0020]: 0aaa 0b0b 0bbb 0001 0203 0405 0607 0809 
[bcmPW.0]Packet[11]: data[0030]: 0a0b 0c0d 0e0f 1011 1213 1415 1617 1819 
[bcmPW.0]Packet[11]: data[0040]: 1a1b 1c1d 1f20 2122 2324 2526 2728 292a 
[bcmPW.0]Packet[11]: data[0050]: 2b2c 2d2e 2f30 f5e9 81a4 0002 2329 b000 
[bcmPW.0]Packet[11]: data[0060]: 0000 0198 0000 0000 0002 82a6 96fe 4000 
[bcmPW.0]Packet[11]: data[0070]: 0001 0000 0000                          
[bcmPW.0]Packet[11]: length 118 (118). rx-port 1. cos 0. prio_int 0. vlan 100. reason 0x400. Outer tagged.
[bcmPW.0]Packet[11]: dest-port 3. dest-mod 0. src-port 1. src-mod 0. opcode 1.  matched 222. classification-tag 0.
[bcmPW.0]Packet[11]: reasons: FilterMatch         
[bcmPW.0]Packet[11]:
Packet[11]:   Ethernet: dst<00:00:00:00:00:dd> src<00:00:00:00:00:cc> Tagged Packet ProtID<0x8100> Ctrl<0x0064> Internet Protocol (IP)
Packet[11]:   IP: V(4) src<10.10.10.170> dst<11.11.11.187> hl<5> service-type<0> tl<46> id<0> frg-off<0> ttl<64> > chk-sum<0x3e8c>    
Packet[11]:   TCP: sPort<1> dPort<515> Seq<67438087> Ack<134810123> Off<0> Flags<0x0d=FIN,RST,PUSH> Csum<0x1011> Urp<0x1213>          
[bcmPW.0]                             
[bcmPW.0]Packet[12]: data[0000]: {0000000000dd} {0000000000cc} 8100 0064
[bcmPW.0]Packet[12]: data[0010]: 0800 4500 002e 0000 0000 4006 3e8c 0a0a
[bcmPW.0]Packet[12]: data[0020]: 0aaa 0b0b 0bbb 0001 0203 0405 0607 0809
[bcmPW.0]Packet[12]: data[0030]: 0a0b 0c0d 0e0f 1011 1213 1415 1617 1819
[bcmPW.0]Packet[12]: data[0040]: 1a1b 1c1d 1f20 2122 2324 2526 2728 292a
[bcmPW.0]Packet[12]: data[0050]: 2b2c 2d2e 2f30 f5e9 81a4 0002 2329 b000
[bcmPW.0]Packet[12]: data[0060]: 0000 0198 0000 0000 0002 82a6 966a 4000
[bcmPW.0]Packet[12]: data[0070]: 01bb ec68 bcd6 0002 2329 b000 0000 0000
[bcmPW.0]Packet[12]: data[0080]: 0000 0000 0002 82a6 99d6 4000 0001 0000
[bcmPW.0]Packet[12]: data[0090]: 0000 
[bcmPW.0]Packet[12]: length 146 (146). rx-port 3. cos 0. prio_int 0. vlan 100. reason 0x400. Outer tagged.                            
[bcmPW.0]Packet[12]: dest-port 0. dest-mod 0. src-port 3. src-mod 0. opcode 0.  matched 223. classification-tag 0.                    
[bcmPW.0]Packet[12]: reasons: FilterMatch                             
[bcmPW.0]Packet[12]:                  
Packet[12]:   Ethernet: dst<00:00:00:00:00:dd> src<00:00:00:00:00:cc> Tagged Packet ProtID<0x8100> Ctrl<0x0064> Internet Protocol (IP)
Packet[12]:   IP: V(4) src<10.10.10.170> dst<11.11.11.187> hl<5> service-type<0> tl<46> id<0> frg-off<0> ttl<64> > chk-sum<0x3e8c>    
Packet[12]:   TCP: sPort<1> dPort<515> Seq<67438087> Ack<134810123> Off<0> Flags<0x0d=FIN,RST,PUSH> Csum<0x1011> Urp<0x1213>          



############ 6 ###########


tx 1 pbm=1 data=0000000000DD0000000000CC8100006408004500002E0000000040063E8C0A0A0AAA0B0B0BBB000102030405060708090a0b0c0d0e0f101112131415161718191a1b1c1d1f202122232425262728292a2b2c2d2e2f30

Packet from data=<>, length=90
[bcmPW.0]                     
[bcmPW.0]Packet[13]: data[0000]: {0000000000dd} {0000000000cc} 8100 0064
[bcmPW.0]Packet[13]: data[0010]: 0800 4500 002e 0000 0000 4006 3e8c 0a0a 
[bcmPW.0]Packet[13]: data[0020]: 0aaa 0b0b 0bbb 0001 0203 0405 0607 0809 
[bcmPW.0]Packet[13]: data[0030]: 0a0b 0c0d 0e0f 1011 1213 1415 1617 1819 
[bcmPW.0]Packet[13]: data[0040]: 1a1b 1c1d 1f20 2122 2324 2526 2728 292a 
[bcmPW.0]Packet[13]: data[0050]: 2b2c 2d2e 2f30 f5e9 81a4 0002 2329 b000 
[bcmPW.0]Packet[13]: data[0060]: 0000 0198 0000 0000 0003 02f7 8f6e 4000 
[bcmPW.0]Packet[13]: data[0070]: 0001 0000 0000                          
[bcmPW.0]Packet[13]: length 118 (118). rx-port 1. cos 0. prio_int 0. vlan 100. reason 0x400. Outer tagged.
[bcmPW.0]Packet[13]: dest-port 3. dest-mod 0. src-port 1. src-mod 0. opcode 1.  matched 222. classification-tag 0.
[bcmPW.0]Packet[13]: reasons: FilterMatch         
[bcmPW.0]Packet[13]:
Packet[13]:   Ethernet: dst<00:00:00:00:00:dd> src<00:00:00:00:00:cc> Tagged Packet ProtID<0x8100> Ctrl<0x0064> Internet Protocol (IP)
Packet[13]:   IP: V(4) src<10.10.10.170> dst<11.11.11.187> hl<5> service-type<0> tl<46> id<0> frg-off<0> ttl<64> > chk-sum<0x3e8c>    
Packet[13]:   TCP: sPort<1> dPort<515> Seq<67438087> Ack<134810123> Off<0> Flags<0x0d=FIN,RST,PUSH> Csum<0x1011> Urp<0x1213>          
[bcmPW.0]                             
[bcmPW.0]Packet[14]: data[0000]: {0000000000dd} {0000000000cc} 8100 0064
[bcmPW.0]Packet[14]: data[0010]: 0800 4500 002e 0000 0000 4006 3e8c 0a0a
[bcmPW.0]Packet[14]: data[0020]: 0aaa 0b0b 0bbb 0001 0203 0405 0607 0809
[bcmPW.0]Packet[14]: data[0030]: 0a0b 0c0d 0e0f 1011 1213 1415 1617 1819
[bcmPW.0]Packet[14]: data[0040]: 1a1b 1c1d 1f20 2122 2324 2526 2728 292a
[bcmPW.0]Packet[14]: data[0050]: 2b2c 2d2e 2f30 f5e9 81a4 0002 2329 b000
[bcmPW.0]Packet[14]: data[0060]: 0000 0198 0000 0000 0003 02f7 8eda 4000
[bcmPW.0]Packet[14]: data[0070]: 01bb 9493 1ce8 0002 2329 b000 0000 0000
[bcmPW.0]Packet[14]: data[0080]: 0000 0000 0003 02f7 9242 4000 0001 0000
[bcmPW.0]Packet[14]: data[0090]: 0000 
[bcmPW.0]Packet[14]: length 146 (146). rx-port 3. cos 0. prio_int 0. vlan 100. reason 0x400. Outer tagged.                            
[bcmPW.0]Packet[14]: dest-port 0. dest-mod 0. src-port 3. src-mod 0. opcode 0.  matched 223. classification-tag 0.                    
[bcmPW.0]Packet[14]: reasons: FilterMatch                             
[bcmPW.0]Packet[14]:                  
Packet[14]:   Ethernet: dst<00:00:00:00:00:dd> src<00:00:00:00:00:cc> Tagged Packet ProtID<0x8100> Ctrl<0x0064> Internet Protocol (IP)
Packet[14]:   IP: V(4) src<10.10.10.170> dst<11.11.11.187> hl<5> service-type<0> tl<46> id<0> frg-off<0> ttl<64> > chk-sum<0x3e8c>    
Packet[14]:   TCP: sPort<1> dPort<515> Seq<67438087> Ack<134810123> Off<0> Flags<0x0d=FIN,RST,PUSH> Csum<0x1011> Urp<0x1213>          



############ 7 ###########


tx 1 pbm=1 data=0000000000DD0000000000CC8100006408004500002E0000000040063E8C0A0A0AAA0B0B0BBB000102030405060708090a0b0c0d0e0f101112131415161718191a1b1c1d1f202122232425262728292a2b2c2d2e2f30

Packet from data=<>, length=90
[bcmPW.0]                     
[bcmPW.0]Packet[15]: data[0000]: {0000000000dd} {0000000000cc} 8100 0064
[bcmPW.0]Packet[15]: data[0010]: 0800 4500 002e 0000 0000 4006 3e8c 0a0a 
[bcmPW.0]Packet[15]: data[0020]: 0aaa 0b0b 0bbb 0001 0203 0405 0607 0809 
[bcmPW.0]Packet[15]: data[0030]: 0a0b 0c0d 0e0f 1011 1213 1415 1617 1819 
[bcmPW.0]Packet[15]: data[0040]: 1a1b 1c1d 1f20 2122 2324 2526 2728 292a 
[bcmPW.0]Packet[15]: data[0050]: 2b2c 2d2e 2f30 f5e9 81a4 0003 34be 8800 
[bcmPW.0]Packet[15]: data[0060]: 0000 0198 0000 0000 0003 8351 c4a2 4000 
[bcmPW.0]Packet[15]: data[0070]: 0001 0000 0000                          
[bcmPW.0]Packet[15]: length 118 (118). rx-port 1. cos 0. prio_int 0. vlan 100. reason 0x400. Outer tagged.
[bcmPW.0]Packet[15]: dest-port 3. dest-mod 0. src-port 1. src-mod 0. opcode 1.  matched 222. classification-tag 0.
[bcmPW.0]Packet[15]: reasons: FilterMatch         
[bcmPW.0]Packet[15]:
Packet[15]:   Ethernet: dst<00:00:00:00:00:dd> src<00:00:00:00:00:cc> Tagged Packet ProtID<0x8100> Ctrl<0x0064> Internet Protocol (IP)
Packet[15]:   IP: V(4) src<10.10.10.170> dst<11.11.11.187> hl<5> service-type<0> tl<46> id<0> frg-off<0> ttl<64> > chk-sum<0x3e8c>    
Packet[15]:   TCP: sPort<1> dPort<515> Seq<67438087> Ack<134810123> Off<0> Flags<0x0d=FIN,RST,PUSH> Csum<0x1011> Urp<0x1213>          
[bcmPW.0]                             
[bcmPW.0]Packet[16]: data[0000]: {0000000000dd} {0000000000cc} 8100 0064
[bcmPW.0]Packet[16]: data[0010]: 0800 4500 002e 0000 0000 4006 3e8c 0a0a
[bcmPW.0]Packet[16]: data[0020]: 0aaa 0b0b 0bbb 0001 0203 0405 0607 0809
[bcmPW.0]Packet[16]: data[0030]: 0a0b 0c0d 0e0f 1011 1213 1415 1617 1819
[bcmPW.0]Packet[16]: data[0040]: 1a1b 1c1d 1f20 2122 2324 2526 2728 292a
[bcmPW.0]Packet[16]: data[0050]: 2b2c 2d2e 2f30 f5e9 81a4 0003 34be 8800
[bcmPW.0]Packet[16]: data[0060]: 0000 0198 0000 0000 0003 8351 c40a 4000
[bcmPW.0]Packet[16]: data[0070]: 01bb 891c cc54 0003 34be 8800 0000 0000
[bcmPW.0]Packet[16]: data[0080]: 0000 0000 0003 8351 c776 4000 0001 0000
[bcmPW.0]Packet[16]: data[0090]: 0000 
[bcmPW.0]Packet[16]: length 146 (146). rx-port 3. cos 0. prio_int 0. vlan 100. reason 0x400. Outer tagged.                            
[bcmPW.0]Packet[16]: dest-port 0. dest-mod 0. src-port 3. src-mod 0. opcode 0.  matched 223. classification-tag 0.                    
[bcmPW.0]Packet[16]: reasons: FilterMatch                             
[bcmPW.0]Packet[16]:                  
Packet[16]:   Ethernet: dst<00:00:00:00:00:dd> src<00:00:00:00:00:cc> Tagged Packet ProtID<0x8100> Ctrl<0x0064> Internet Protocol (IP)
Packet[16]:   IP: V(4) src<10.10.10.170> dst<11.11.11.187> hl<5> service-type<0> tl<46> id<0> frg-off<0> ttl<64> > chk-sum<0x3e8c>    
Packet[16]:   TCP: sPort<1> dPort<515> Seq<67438087> Ack<134810123> Off<0> Flags<0x0d=FIN,RST,PUSH> Csum<0x1011> Urp<0x1213>          



############ 8 ###########


tx 1 pbm=1 data=0000000000DD0000000000CC8100006408004500002E0000000040063E8C0A0A0AAA0B0B0BBB000102030405060708090a0b0c0d0e0f101112131415161718191a1b1c1d1f202122232425262728292a2b2c2d2e2f30

Packet from data=<>, length=90
[bcmPW.0]                     
[bcmPW.0]Packet[17]: data[0000]: {0000000000dd} {0000000000cc} 8100 0064
[bcmPW.0]Packet[17]: data[0010]: 0800 4500 002e 0000 0000 4006 3e8c 0a0a 
[bcmPW.0]Packet[17]: data[0020]: 0aaa 0b0b 0bbb 0001 0203 0405 0607 0809 
[bcmPW.0]Packet[17]: data[0030]: 0a0b 0c0d 0e0f 1011 1213 1415 1617 1819 
[bcmPW.0]Packet[17]: data[0040]: 1a1b 1c1d 1f20 2122 2324 2526 2728 292a 
[bcmPW.0]Packet[17]: data[0050]: 2b2c 2d2e 2f30 f5e9 81a4 0003 34be 8800 
[bcmPW.0]Packet[17]: data[0060]: 0000 0198 0000 0000 0004 03ab ccfe 4000 
[bcmPW.0]Packet[17]: data[0070]: 0001 0000 0000                          
[bcmPW.0]Packet[17]: length 118 (118). rx-port 1. cos 0. prio_int 0. vlan 100. reason 0x400. Outer tagged.
[bcmPW.0]Packet[17]: dest-port 3. dest-mod 0. src-port 1. src-mod 0. opcode 1.  matched 222. classification-tag 0.
[bcmPW.0]Packet[17]: reasons: FilterMatch         
[bcmPW.0]Packet[17]:
Packet[17]:   Ethernet: dst<00:00:00:00:00:dd> src<00:00:00:00:00:cc> Tagged Packet ProtID<0x8100> Ctrl<0x0064> Internet Protocol (IP)
Packet[17]:   IP: V(4) src<10.10.10.170> dst<11.11.11.187> hl<5> service-type<0> tl<46> id<0> frg-off<0> ttl<64> > chk-sum<0x3e8c>    
Packet[17]:   TCP: sPort<1> dPort<515> Seq<67438087> Ack<134810123> Off<0> Flags<0x0d=FIN,RST,PUSH> Csum<0x1011> Urp<0x1213>          
[bcmPW.0]                             
[bcmPW.0]Packet[18]: data[0000]: {0000000000dd} {0000000000cc} 8100 0064
[bcmPW.0]Packet[18]: data[0010]: 0800 4500 002e 0000 0000 4006 3e8c 0a0a
[bcmPW.0]Packet[18]: data[0020]: 0aaa 0b0b 0bbb 0001 0203 0405 0607 0809
[bcmPW.0]Packet[18]: data[0030]: 0a0b 0c0d 0e0f 1011 1213 1415 1617 1819
[bcmPW.0]Packet[18]: data[0040]: 1a1b 1c1d 1f20 2122 2324 2526 2728 292a
[bcmPW.0]Packet[18]: data[0050]: 2b2c 2d2e 2f30 f5e9 81a4 0003 34be 8800
[bcmPW.0]Packet[18]: data[0060]: 0000 0198 0000 0000 0004 03ab cc6a 4000
[bcmPW.0]Packet[18]: data[0070]: 01bb 2d64 f9d6 0003 34be 8800 0000 0000
[bcmPW.0]Packet[18]: data[0080]: 0000 0000 0004 03ab cfd6 4000 0001 0000
[bcmPW.0]Packet[18]: data[0090]: 0000 
[bcmPW.0]Packet[18]: length 146 (146). rx-port 3. cos 0. prio_int 0. vlan 100. reason 0x400. Outer tagged.                            
[bcmPW.0]Packet[18]: dest-port 0. dest-mod 0. src-port 3. src-mod 0. opcode 0.  matched 223. classification-tag 0.                    
[bcmPW.0]Packet[18]: reasons: FilterMatch                             
[bcmPW.0]Packet[18]:
Packet[18]:   Ethernet: dst<00:00:00:00:00:dd> src<00:00:00:00:00:cc> Tagged Packet ProtID<0x8100> Ctrl<0x0064> Internet Protocol (IP)
Packet[18]:   IP: V(4) src<10.10.10.170> dst<11.11.11.187> hl<5> service-type<0> tl<46> id<0> frg-off<0> ttl<64> > chk-sum<0x3e8c>
Packet[18]:   TCP: sPort<1> dPort<515> Seq<67438087> Ack<134810123> Off<0> Flags<0x0d=FIN,RST,PUSH> Csum<0x1011> Urp<0x1213>



############ 9 ###########


tx 1 pbm=1 data=0000000000DD0000000000CC8100006408004500002E0000000040063E8C0A0A0AAA0B0B0BBB000102030405060708090a0b0c0d0e0f101112131415161718191a1b1c1d1f202122232425262728292a2b2c2d2e2f30

Packet from data=<>, length=90
[bcmPW.0]
[bcmPW.0]Packet[19]: data[0000]: {0000000000dd} {0000000000cc} 8100 0064
[bcmPW.0]Packet[19]: data[0010]: 0800 4500 002e 0000 0000 4006 3e8c 0a0a
[bcmPW.0]Packet[19]: data[0020]: 0aaa 0b0b 0bbb 0001 0203 0405 0607 0809
[bcmPW.0]Packet[19]: data[0030]: 0a0b 0c0d 0e0f 1011 1213 1415 1617 1819
[bcmPW.0]Packet[19]: data[0040]: 1a1b 1c1d 1f20 2122 2324 2526 2728 292a
[bcmPW.0]Packet[19]: data[0050]: 2b2c 2d2e 2f30 f5e9 81a4 0004 4ab8 9600
[bcmPW.0]Packet[19]: data[0060]: 0000 0198 0000 0000 0004 8408 1bc2 4000
[bcmPW.0]Packet[19]: data[0070]: 0001 0000 0000
[bcmPW.0]Packet[19]: length 118 (118). rx-port 1. cos 0. prio_int 0. vlan 100. reason 0x400. Outer tagged.
[bcmPW.0]Packet[19]: dest-port 3. dest-mod 0. src-port 1. src-mod 0. opcode 1.  matched 222. classification-tag 0.
[bcmPW.0]Packet[19]: reasons: FilterMatch
[bcmPW.0]Packet[19]:
Packet[19]:   Ethernet: dst<00:00:00:00:00:dd> src<00:00:00:00:00:cc> Tagged Packet ProtID<0x8100> Ctrl<0x0064> Internet Protocol (IP)
Packet[19]:   IP: V(4) src<10.10.10.170> dst<11.11.11.187> hl<5> service-type<0> tl<46> id<0> frg-off<0> ttl<64> > chk-sum<0x3e8c>
Packet[19]:   TCP: sPort<1> dPort<515> Seq<67438087> Ack<134810123> Off<0> Flags<0x0d=FIN,RST,PUSH> Csum<0x1011> Urp<0x1213>
[bcmPW.0]
[bcmPW.0]Packet[20]: data[0000]: {0000000000dd} {0000000000cc} 8100 0064
[bcmPW.0]Packet[20]: data[0010]: 0800 4500 002e 0000 0000 4006 3e8c 0a0a
[bcmPW.0]Packet[20]: data[0020]: 0aaa 0b0b 0bbb 0001 0203 0405 0607 0809
[bcmPW.0]Packet[20]: data[0030]: 0a0b 0c0d 0e0f 1011 1213 1415 1617 1819
[bcmPW.0]Packet[20]: data[0040]: 1a1b 1c1d 1f20 2122 2324 2526 2728 292a
[bcmPW.0]Packet[20]: data[0050]: 2b2c 2d2e 2f30 f5e9 81a4 0004 4ab8 9600
[bcmPW.0]Packet[20]: data[0060]: 0000 0198 0000 0000 0004 8408 1b2e 4000
[bcmPW.0]Packet[20]: data[0070]: 01bb ec09 2202 0004 4ab8 9600 0000 0000
[bcmPW.0]Packet[20]: data[0080]: 0000 0000 0004 8408 1e9e 4000 0001 0000
[bcmPW.0]Packet[20]: data[0090]: 0000
[bcmPW.0]Packet[20]: length 146 (146). rx-port 3. cos 0. prio_int 0. vlan 100. reason 0x400. Outer tagged.
[bcmPW.0]Packet[20]: dest-port 0. dest-mod 0. src-port 3. src-mod 0. opcode 0.  matched 223. classification-tag 0.
[bcmPW.0]Packet[20]: reasons: FilterMatch
[bcmPW.0]Packet[20]:
Packet[20]:   Ethernet: dst<00:00:00:00:00:dd> src<00:00:00:00:00:cc> Tagged Packet ProtID<0x8100> Ctrl<0x0064> Internet Protocol (IP)
Packet[20]:   IP: V(4) src<10.10.10.170> dst<11.11.11.187> hl<5> service-type<0> tl<46> id<0> frg-off<0> ttl<64> > chk-sum<0x3e8c>
Packet[20]:   TCP: sPort<1> dPort<515> Seq<67438087> Ack<134810123> Off<0> Flags<0x0d=FIN,RST,PUSH> Csum<0x1011> Urp<0x1213>


fp stat get si=1 t=p

The value is: 0x000000014
bcm_error_t $$ = BCM_E_NONE (0)
BCM.0>
